2022-04-25 08:45:11 [SpringApplicationShutdownHook] INFO  io.undertow - stopping server: Undertow - 2.2.16.Final
2022-04-25 08:45:11 [SpringApplicationShutdownHook] INFO  io.undertow.servlet - Destroying Spring FrameworkServlet 'dispatcherServlet'
2022-04-25 08:45:11 [SpringApplicationShutdownHook] INFO  c.f.f.manager.ShutdownManager - ====关闭后台任务任务线程池====
2022-04-25 08:45:12 [SpringApplicationShutdownHook] INFO  c.b.d.d.DynamicRoutingDataSource - dynamic-datasource start closing ....
2022-04-25 08:45:12 [SpringApplicationShutdownHook] INFO  c.alibaba.druid.pool.DruidDataSource - {dataSource-0} closing ...
2022-04-25 08:45:12 [SpringApplicationShutdownHook] INFO  c.alibaba.druid.pool.DruidDataSource - {dataSource-1} closing ...
2022-04-25 08:45:12 [SpringApplicationShutdownHook] INFO  c.alibaba.druid.pool.DruidDataSource - {dataSource-1} closed
2022-04-25 08:45:12 [SpringApplicationShutdownHook] INFO  c.b.d.d.DynamicRoutingDataSource - dynamic-datasource all closed success,bye
2022-04-25 08:45:19 [main] INFO  com.fzshuai.OloasApplication - Starting OloasApplication using Java 1.8.0_311 on FZSHUAI with PID 27192 (F:\Idea Project\oloas-back\oloas-admin\target\classes started by fzshuai in F:\Idea Project\oloas-back)
2022-04-25 08:45:19 [background-preinit] INFO  o.h.validator.internal.util.Version - HV000001: Hibernate Validator 6.2.2.Final
2022-04-25 08:45:19 [main] INFO  com.fzshuai.OloasApplication - The following 1 profile is active: "dev"
2022-04-25 08:45:21 [main] INFO  org.redisson.Version - Redisson 3.16.8
2022-04-25 08:45:22 [redisson-netty-2-1] INFO  o.r.c.pool.MasterConnectionPool - 8 connections initialized for 192.168.75.128/192.168.75.128:6379
2022-04-25 08:45:22 [redisson-netty-2-3] INFO  o.r.c.p.MasterPubSubConnectionPool - 1 connections initialized for 192.168.75.128/192.168.75.128:6379
2022-04-25 08:45:22 [main] INFO  c.f.framework.config.RedisConfig - 初始化 redis 配置
2022-04-25 08:45:22 [main] INFO  io.undertow.servlet - Initializing Spring embedded WebApplicationContext
2022-04-25 08:45:23 [main] INFO  c.b.d.d.DynamicRoutingDataSource - dynamic-datasource detect P6SPY plugin and enabled it
2022-04-25 08:45:23 [main] INFO  c.alibaba.druid.pool.DruidDataSource - {dataSource-1,master} inited
2022-04-25 08:45:23 [main] INFO  c.b.d.d.DynamicRoutingDataSource - dynamic-datasource - add a datasource named [slave] success
2022-04-25 08:45:23 [main] INFO  c.b.d.d.DynamicRoutingDataSource - dynamic-datasource - add a datasource named [master] success
2022-04-25 08:45:23 [main] INFO  c.b.d.d.DynamicRoutingDataSource - dynamic-datasource initial loaded [2] datasource,primary datasource named [master]
2022-04-25 08:45:25 [main] INFO  o.f.s.b.e.EventRegistryAutoConfiguration - No deployment resources were found for autodeployment
2022-04-25 08:45:25 [main] INFO  c.f.framework.config.JacksonConfig - 初始化 jackson 配置
2022-04-25 08:45:25 [main] INFO  o.f.s.b.ProcessEngineAutoConfiguration - No deployment resources were found for autodeployment
2022-04-25 08:45:26 [main] INFO  o.f.s.SpringProcessEngineConfiguration - Found 1 Engine Configurators in total:
2022-04-25 08:45:26 [main] INFO  o.f.s.SpringProcessEngineConfiguration - class org.flowable.eventregistry.spring.configurator.SpringEventRegistryConfigurator (priority:100000)
2022-04-25 08:45:26 [main] INFO  o.f.s.SpringProcessEngineConfiguration - Executing beforeInit() of class org.flowable.eventregistry.spring.configurator.SpringEventRegistryConfigurator (priority:100000)
2022-04-25 08:45:26 [main] INFO  o.f.s.SpringProcessEngineConfiguration - Executing configure() of class org.flowable.eventregistry.spring.configurator.SpringEventRegistryConfigurator (priority:100000)
2022-04-25 08:45:27 [main] INFO  liquibase.lockservice - Successfully acquired change log lock
2022-04-25 08:45:27 [main] INFO  liquibase.changelog - Reading from oloas_fzs.FLW_EV_DATABASECHANGELOG
2022-04-25 08:45:27 [main] INFO  liquibase.lockservice - Successfully released change log lock
2022-04-25 08:45:27 [main] INFO  o.f.e.impl.EventRegistryEngineImpl - EventRegistryEngine default created
2022-04-25 08:45:27 [main] INFO  o.f.engine.impl.ProcessEngineImpl - ProcessEngine default created
2022-04-25 08:45:27 [main] INFO  o.f.e.impl.cmd.ValidateV5EntitiesCmd - Total of v5 deployments found: 0
2022-04-25 08:45:29 [main] INFO  io.undertow - starting server: Undertow - 2.2.16.Final
2022-04-25 08:45:29 [main] INFO  org.xnio - XNIO version 3.8.6.Final
2022-04-25 08:45:29 [main] INFO  org.xnio.nio - XNIO NIO Implementation Version 3.8.6.Final
2022-04-25 08:45:29 [main] INFO  org.jboss.threads - JBoss Threads version 3.1.0.Final
2022-04-25 08:45:30 [main] INFO  com.fzshuai.OloasApplication - Started OloasApplication in 11.502 seconds (JVM running for 12.618)
2022-04-25 08:45:30 [main] INFO  c.f.s.s.impl.SysOssConfigServiceImpl - 发布刷新OSS配置 => minio
2022-04-25 08:45:30 [main] INFO  c.f.s.s.impl.SysOssConfigServiceImpl - 发布刷新OSS配置 => qiniu
2022-04-25 08:45:30 [main] INFO  c.f.s.s.impl.SysOssConfigServiceImpl - 发布刷新OSS配置 => aliyun
2022-04-25 08:45:30 [main] INFO  c.f.s.s.impl.SysOssConfigServiceImpl - 发布刷新OSS配置 => qcloud
2022-04-25 08:45:30 [main] INFO  com.fzshuai.oss.factory.OssFactory - 初始化OSS工厂
2022-04-25 08:45:30 [main] INFO  c.f.s.runner.SystemApplicationRunner - 初始化OSS配置成功
2022-04-25 08:45:30 [main] INFO  c.f.s.runner.SystemApplicationRunner - 加载参数缓存数据成功
2022-04-25 08:45:30 [main] INFO  c.f.s.runner.SystemApplicationRunner - 加载字典缓存数据成功
2022-04-25 08:45:30 [RMI TCP Connection(3)-172.36.137.88] INFO  io.undertow.servlet - Initializing Spring DispatcherServlet 'dispatcherServlet'
2022-04-25 09:17:42 [SpringApplicationShutdownHook] INFO  io.undertow - stopping server: Undertow - 2.2.16.Final
2022-04-25 09:17:42 [SpringApplicationShutdownHook] INFO  io.undertow.servlet - Destroying Spring FrameworkServlet 'dispatcherServlet'
2022-04-25 09:17:42 [SpringApplicationShutdownHook] INFO  c.f.f.manager.ShutdownManager - ====关闭后台任务任务线程池====
2022-04-25 09:17:43 [SpringApplicationShutdownHook] INFO  c.b.d.d.DynamicRoutingDataSource - dynamic-datasource start closing ....
2022-04-25 09:17:43 [SpringApplicationShutdownHook] INFO  c.alibaba.druid.pool.DruidDataSource - {dataSource-0} closing ...
2022-04-25 09:17:43 [SpringApplicationShutdownHook] INFO  c.alibaba.druid.pool.DruidDataSource - {dataSource-1} closing ...
2022-04-25 09:17:43 [SpringApplicationShutdownHook] INFO  c.alibaba.druid.pool.DruidDataSource - {dataSource-1} closed
2022-04-25 09:17:43 [SpringApplicationShutdownHook] INFO  c.b.d.d.DynamicRoutingDataSource - dynamic-datasource all closed success,bye
2022-04-25 09:20:42 [main] INFO  com.fzshuai.OloasApplication - Starting OloasApplication using Java 1.8.0_311 on FZSHUAI with PID 3012 (F:\Idea Project\oloas-back\oloas-admin\target\classes started by fzshuai in F:\Idea Project\oloas-back)
2022-04-25 09:20:42 [background-preinit] INFO  o.h.validator.internal.util.Version - HV000001: Hibernate Validator 6.2.2.Final
2022-04-25 09:20:42 [main] INFO  com.fzshuai.OloasApplication - The following 1 profile is active: "dev"
2022-04-25 09:20:45 [main] INFO  org.redisson.Version - Redisson 3.16.8
2022-04-25 09:20:45 [redisson-netty-2-7] INFO  o.r.c.pool.MasterConnectionPool - 8 connections initialized for 192.168.75.128/192.168.75.128:6379
2022-04-25 09:20:45 [redisson-netty-2-3] INFO  o.r.c.p.MasterPubSubConnectionPool - 1 connections initialized for 192.168.75.128/192.168.75.128:6379
2022-04-25 09:20:45 [main] INFO  c.f.framework.config.RedisConfig - 初始化 redis 配置
2022-04-25 09:20:46 [main] INFO  io.undertow.servlet - Initializing Spring embedded WebApplicationContext
2022-04-25 09:20:46 [main] INFO  c.b.d.d.DynamicRoutingDataSource - dynamic-datasource detect P6SPY plugin and enabled it
2022-04-25 09:20:47 [main] INFO  c.alibaba.druid.pool.DruidDataSource - {dataSource-1,master} inited
2022-04-25 09:20:47 [main] INFO  c.b.d.d.DynamicRoutingDataSource - dynamic-datasource - add a datasource named [slave] success
2022-04-25 09:20:47 [main] INFO  c.b.d.d.DynamicRoutingDataSource - dynamic-datasource - add a datasource named [master] success
2022-04-25 09:20:47 [main] INFO  c.b.d.d.DynamicRoutingDataSource - dynamic-datasource initial loaded [2] datasource,primary datasource named [master]
2022-04-25 09:20:48 [main] INFO  o.f.s.b.e.EventRegistryAutoConfiguration - No deployment resources were found for autodeployment
2022-04-25 09:20:48 [main] INFO  c.f.framework.config.JacksonConfig - 初始化 jackson 配置
2022-04-25 09:20:49 [main] INFO  o.f.s.b.ProcessEngineAutoConfiguration - No deployment resources were found for autodeployment
2022-04-25 09:20:49 [main] INFO  o.f.s.SpringProcessEngineConfiguration - Found 1 Engine Configurators in total:
2022-04-25 09:20:49 [main] INFO  o.f.s.SpringProcessEngineConfiguration - class org.flowable.eventregistry.spring.configurator.SpringEventRegistryConfigurator (priority:100000)
2022-04-25 09:20:49 [main] INFO  o.f.s.SpringProcessEngineConfiguration - Executing beforeInit() of class org.flowable.eventregistry.spring.configurator.SpringEventRegistryConfigurator (priority:100000)
2022-04-25 09:20:50 [main] INFO  o.f.s.SpringProcessEngineConfiguration - Executing configure() of class org.flowable.eventregistry.spring.configurator.SpringEventRegistryConfigurator (priority:100000)
2022-04-25 09:20:50 [main] INFO  liquibase.lockservice - Successfully acquired change log lock
2022-04-25 09:20:50 [main] INFO  liquibase.changelog - Reading from oloas_fzs.FLW_EV_DATABASECHANGELOG
2022-04-25 09:20:50 [main] INFO  liquibase.lockservice - Successfully released change log lock
2022-04-25 09:20:50 [main] INFO  o.f.e.impl.EventRegistryEngineImpl - EventRegistryEngine default created
2022-04-25 09:20:50 [main] INFO  o.f.engine.impl.ProcessEngineImpl - ProcessEngine default created
2022-04-25 09:20:51 [main] INFO  o.f.e.impl.cmd.ValidateV5EntitiesCmd - Total of v5 deployments found: 0
2022-04-25 09:20:52 [main] INFO  io.undertow - starting server: Undertow - 2.2.16.Final
2022-04-25 09:20:52 [main] INFO  org.xnio - XNIO version 3.8.6.Final
2022-04-25 09:20:52 [main] INFO  org.xnio.nio - XNIO NIO Implementation Version 3.8.6.Final
2022-04-25 09:20:52 [main] INFO  org.jboss.threads - JBoss Threads version 3.1.0.Final
2022-04-25 09:20:53 [main] INFO  com.fzshuai.OloasApplication - Started OloasApplication in 10.931 seconds (JVM running for 12.8)
2022-04-25 09:20:53 [main] INFO  c.f.s.s.impl.SysOssConfigServiceImpl - 发布刷新OSS配置 => minio
2022-04-25 09:20:53 [main] INFO  c.f.s.s.impl.SysOssConfigServiceImpl - 发布刷新OSS配置 => qiniu
2022-04-25 09:20:53 [main] INFO  c.f.s.s.impl.SysOssConfigServiceImpl - 发布刷新OSS配置 => aliyun
2022-04-25 09:20:53 [main] INFO  c.f.s.s.impl.SysOssConfigServiceImpl - 发布刷新OSS配置 => qcloud
2022-04-25 09:20:53 [main] INFO  com.fzshuai.oss.factory.OssFactory - 初始化OSS工厂
2022-04-25 09:20:53 [main] INFO  c.f.s.runner.SystemApplicationRunner - 初始化OSS配置成功
2022-04-25 09:20:53 [main] INFO  c.f.s.runner.SystemApplicationRunner - 加载参数缓存数据成功
2022-04-25 09:20:53 [main] INFO  c.f.s.runner.SystemApplicationRunner - 加载字典缓存数据成功
2022-04-25 09:20:54 [RMI TCP Connection(5)-172.36.137.88] INFO  io.undertow.servlet - Initializing Spring DispatcherServlet 'dispatcherServlet'
2022-04-25 09:21:54 [XNIO-1 task-1] INFO  c.f.f.listener.UserActionListener - <0><1518399872033439744> user doLogout, useId:sys_user:1, token:eyJ0eXAiOiJKV1QiLCJhbGciOiJIUzI1NiJ9.eyJsb2dpbklkIjoic3lzX3VzZXI6MSIsInJuIjoiS2piY1czRDJBWDd4Y0V0Mm9lN2t6QUF4WFZVRFJ1UEQifQ.8954L5djeScL7n6cC_puw2Bced_42CZcsqb2zw1UovQ
2022-04-25 09:21:59 [XNIO-1 task-1] INFO  c.f.f.listener.UserActionListener - <0><1518399888139567104> user doLogin, useId:sys_user:1, token:eyJ0eXAiOiJKV1QiLCJhbGciOiJIUzI1NiJ9.eyJsb2dpbklkIjoic3lzX3VzZXI6MSIsInJuIjoiNDdDcDNmeXBKSzhmNkRzandoV2s0eU9UV051TVZHbVMifQ.p9vo4sThcjvlrXW9KyWG2HrmRijJzOOCVXEGKWEGZBc
2022-04-25 09:21:59 [schedule-pool-1] INFO  c.f.s.s.i.SysLogininforServiceImpl - <0><1518399888139567104> [127.0.0.1]内网IP[admin][Success][登录成功]
2022-04-25 10:04:50 [XNIO-1 task-2] INFO  c.f.f.listener.UserActionListener - <0><1518410674731827200> user doLogout, useId:sys_user:1, token:eyJ0eXAiOiJKV1QiLCJhbGciOiJIUzI1NiJ9.eyJsb2dpbklkIjoic3lzX3VzZXI6MSIsInJuIjoiNDdDcDNmeXBKSzhmNkRzandoV2s0eU9UV051TVZHbVMifQ.p9vo4sThcjvlrXW9KyWG2HrmRijJzOOCVXEGKWEGZBc
2022-04-25 10:04:54 [XNIO-1 task-2] INFO  c.f.f.listener.UserActionListener - <0><1518410691777478656> user doLogin, useId:sys_user:1, token:eyJ0eXAiOiJKV1QiLCJhbGciOiJIUzI1NiJ9.eyJsb2dpbklkIjoic3lzX3VzZXI6MSIsInJuIjoiUmJHdTFmbGU3VTdHTkRnZVVUMUFVU2pBc1lENEd4cnQifQ.6J6R58KQHFMopetjaPSe6htyzZCOARDw7FeSN7Msb5U
2022-04-25 10:04:54 [schedule-pool-1] INFO  c.f.s.s.i.SysLogininforServiceImpl - <0><1518399888139567104> [127.0.0.1]内网IP[admin][Success][登录成功]
2022-04-25 10:52:04 [SpringApplicationShutdownHook] INFO  io.undertow - stopping server: Undertow - 2.2.16.Final
2022-04-25 10:52:04 [SpringApplicationShutdownHook] INFO  io.undertow.servlet - Destroying Spring FrameworkServlet 'dispatcherServlet'
2022-04-25 10:52:04 [SpringApplicationShutdownHook] INFO  c.f.f.manager.ShutdownManager - ====关闭后台任务任务线程池====
2022-04-25 10:52:04 [SpringApplicationShutdownHook] INFO  c.b.d.d.DynamicRoutingDataSource - dynamic-datasource start closing ....
2022-04-25 10:52:04 [SpringApplicationShutdownHook] INFO  c.alibaba.druid.pool.DruidDataSource - {dataSource-0} closing ...
2022-04-25 10:52:04 [SpringApplicationShutdownHook] INFO  c.alibaba.druid.pool.DruidDataSource - {dataSource-1} closing ...
2022-04-25 10:52:04 [SpringApplicationShutdownHook] INFO  c.alibaba.druid.pool.DruidDataSource - {dataSource-1} closed
2022-04-25 10:52:04 [SpringApplicationShutdownHook] INFO  c.b.d.d.DynamicRoutingDataSource - dynamic-datasource all closed success,bye
2022-04-25 10:52:09 [main] INFO  com.fzshuai.OloasApplication - Starting OloasApplication using Java 1.8.0_311 on FZSHUAI with PID 10128 (F:\Idea Project\oloas-back\oloas-admin\target\classes started by fzshuai in F:\Idea Project\oloas-back)
2022-04-25 10:52:09 [background-preinit] INFO  o.h.validator.internal.util.Version - HV000001: Hibernate Validator 6.2.2.Final
2022-04-25 10:52:09 [main] INFO  com.fzshuai.OloasApplication - The following 1 profile is active: "dev"
2022-04-25 10:52:31 [main] INFO  org.redisson.Version - Redisson 3.16.8
2022-04-25 10:52:36 [main] INFO  com.fzshuai.OloasApplication - Starting OloasApplication using Java 1.8.0_311 on FZSHUAI with PID 27448 (F:\Idea Project\oloas-back\oloas-admin\target\classes started by fzshuai in F:\Idea Project\oloas-back)
2022-04-25 10:52:36 [background-preinit] INFO  o.h.validator.internal.util.Version - HV000001: Hibernate Validator 6.2.2.Final
2022-04-25 10:52:36 [main] INFO  com.fzshuai.OloasApplication - The following 1 profile is active: "dev"
2022-04-25 10:53:07 [main] INFO  org.redisson.Version - Redisson 3.16.8
2022-04-25 10:53:08 [redisson-netty-2-3] INFO  o.r.c.pool.MasterConnectionPool - 8 connections initialized for 192.168.75.128/192.168.75.128:6379
2022-04-25 10:53:08 [redisson-netty-2-3] INFO  o.r.c.p.MasterPubSubConnectionPool - 1 connections initialized for 192.168.75.128/192.168.75.128:6379
2022-04-25 10:53:08 [main] INFO  c.f.framework.config.RedisConfig - 初始化 redis 配置
2022-04-25 10:53:08 [main] INFO  io.undertow.servlet - Initializing Spring embedded WebApplicationContext
2022-04-25 10:53:09 [main] INFO  c.b.d.d.DynamicRoutingDataSource - dynamic-datasource detect P6SPY plugin and enabled it
2022-04-25 10:53:09 [main] INFO  c.alibaba.druid.pool.DruidDataSource - {dataSource-1,master} inited
2022-04-25 10:53:09 [main] INFO  c.b.d.d.DynamicRoutingDataSource - dynamic-datasource - add a datasource named [slave] success
2022-04-25 10:53:09 [main] INFO  c.b.d.d.DynamicRoutingDataSource - dynamic-datasource - add a datasource named [master] success
2022-04-25 10:53:09 [main] INFO  c.b.d.d.DynamicRoutingDataSource - dynamic-datasource initial loaded [2] datasource,primary datasource named [master]
2022-04-25 10:53:11 [main] INFO  o.f.s.b.e.EventRegistryAutoConfiguration - No deployment resources were found for autodeployment
2022-04-25 10:53:11 [main] INFO  c.f.framework.config.JacksonConfig - 初始化 jackson 配置
2022-04-25 10:53:11 [main] INFO  o.f.s.b.ProcessEngineAutoConfiguration - No deployment resources were found for autodeployment
2022-04-25 10:53:12 [main] INFO  o.f.s.SpringProcessEngineConfiguration - Found 1 Engine Configurators in total:
2022-04-25 10:53:12 [main] INFO  o.f.s.SpringProcessEngineConfiguration - class org.flowable.eventregistry.spring.configurator.SpringEventRegistryConfigurator (priority:100000)
2022-04-25 10:53:12 [main] INFO  o.f.s.SpringProcessEngineConfiguration - Executing beforeInit() of class org.flowable.eventregistry.spring.configurator.SpringEventRegistryConfigurator (priority:100000)
2022-04-25 10:53:12 [main] INFO  o.f.s.SpringProcessEngineConfiguration - Executing configure() of class org.flowable.eventregistry.spring.configurator.SpringEventRegistryConfigurator (priority:100000)
2022-04-25 10:53:13 [main] INFO  liquibase.lockservice - Successfully acquired change log lock
2022-04-25 10:53:13 [main] INFO  liquibase.changelog - Reading from oloas_fzs.FLW_EV_DATABASECHANGELOG
2022-04-25 10:53:13 [main] INFO  liquibase.lockservice - Successfully released change log lock
2022-04-25 10:53:13 [main] INFO  o.f.e.impl.EventRegistryEngineImpl - EventRegistryEngine default created
2022-04-25 10:53:13 [main] INFO  o.f.engine.impl.ProcessEngineImpl - ProcessEngine default created
2022-04-25 10:53:13 [main] INFO  o.f.e.impl.cmd.ValidateV5EntitiesCmd - Total of v5 deployments found: 0
2022-04-25 10:53:15 [main] INFO  io.undertow - starting server: Undertow - 2.2.16.Final
2022-04-25 10:53:15 [main] INFO  org.xnio - XNIO version 3.8.6.Final
2022-04-25 10:53:15 [main] INFO  org.xnio.nio - XNIO NIO Implementation Version 3.8.6.Final
2022-04-25 10:53:15 [main] INFO  org.jboss.threads - JBoss Threads version 3.1.0.Final
2022-04-25 10:53:16 [main] INFO  com.fzshuai.OloasApplication - Started OloasApplication in 40.357 seconds (JVM running for 41.286)
2022-04-25 10:53:16 [main] INFO  c.f.s.s.impl.SysOssConfigServiceImpl - 发布刷新OSS配置 => minio
2022-04-25 10:53:16 [main] INFO  c.f.s.s.impl.SysOssConfigServiceImpl - 发布刷新OSS配置 => qiniu
2022-04-25 10:53:16 [main] INFO  c.f.s.s.impl.SysOssConfigServiceImpl - 发布刷新OSS配置 => aliyun
2022-04-25 10:53:16 [main] INFO  c.f.s.s.impl.SysOssConfigServiceImpl - 发布刷新OSS配置 => qcloud
2022-04-25 10:53:16 [main] INFO  com.fzshuai.oss.factory.OssFactory - 初始化OSS工厂
2022-04-25 10:53:16 [main] INFO  c.f.s.runner.SystemApplicationRunner - 初始化OSS配置成功
2022-04-25 10:53:16 [main] INFO  c.f.s.runner.SystemApplicationRunner - 加载参数缓存数据成功
2022-04-25 10:53:16 [main] INFO  c.f.s.runner.SystemApplicationRunner - 加载字典缓存数据成功
2022-04-25 10:53:17 [RMI TCP Connection(2)-172.36.137.88] INFO  io.undertow.servlet - Initializing Spring DispatcherServlet 'dispatcherServlet'
2022-04-25 18:52:54 [SpringApplicationShutdownHook] INFO  io.undertow - stopping server: Undertow - 2.2.16.Final
2022-04-25 18:52:54 [SpringApplicationShutdownHook] INFO  io.undertow.servlet - Destroying Spring FrameworkServlet 'dispatcherServlet'
2022-04-25 18:52:54 [SpringApplicationShutdownHook] INFO  c.f.f.manager.ShutdownManager - ====关闭后台任务任务线程池====
2022-04-25 18:52:54 [SpringApplicationShutdownHook] INFO  c.b.d.d.DynamicRoutingDataSource - dynamic-datasource start closing ....
2022-04-25 18:52:54 [SpringApplicationShutdownHook] INFO  c.alibaba.druid.pool.DruidDataSource - {dataSource-0} closing ...
2022-04-25 18:52:54 [SpringApplicationShutdownHook] INFO  c.alibaba.druid.pool.DruidDataSource - {dataSource-1} closing ...
2022-04-25 18:52:54 [SpringApplicationShutdownHook] INFO  c.alibaba.druid.pool.DruidDataSource - {dataSource-1} closed
2022-04-25 18:52:54 [SpringApplicationShutdownHook] INFO  c.b.d.d.DynamicRoutingDataSource - dynamic-datasource all closed success,bye
2022-04-25 18:52:58 [main] INFO  com.fzshuai.OloasApplication - Starting OloasApplication using Java 1.8.0_311 on FZSHUAI with PID 27188 (F:\Idea Project\oloas-back\oloas-admin\target\classes started by fzshuai in F:\Idea Project\oloas-back)
2022-04-25 18:52:58 [background-preinit] INFO  o.h.validator.internal.util.Version - HV000001: Hibernate Validator 6.2.2.Final
2022-04-25 18:52:59 [main] INFO  com.fzshuai.OloasApplication - The following 1 profile is active: "dev"
2022-04-25 18:53:00 [main] INFO  org.redisson.Version - Redisson 3.16.8
2022-04-25 18:53:01 [redisson-netty-2-1] INFO  o.r.c.pool.MasterConnectionPool - 8 connections initialized for 192.168.75.128/192.168.75.128:6379
2022-04-25 18:53:01 [redisson-netty-2-3] INFO  o.r.c.p.MasterPubSubConnectionPool - 1 connections initialized for 192.168.75.128/192.168.75.128:6379
2022-04-25 18:53:01 [main] INFO  c.f.framework.config.RedisConfig - 初始化 redis 配置
2022-04-25 18:53:01 [main] INFO  io.undertow.servlet - Initializing Spring embedded WebApplicationContext
2022-04-25 18:53:02 [main] INFO  c.b.d.d.DynamicRoutingDataSource - dynamic-datasource detect P6SPY plugin and enabled it
2022-04-25 18:53:02 [main] INFO  c.alibaba.druid.pool.DruidDataSource - {dataSource-1,master} inited
2022-04-25 18:53:02 [main] INFO  c.b.d.d.DynamicRoutingDataSource - dynamic-datasource - add a datasource named [slave] success
2022-04-25 18:53:02 [main] INFO  c.b.d.d.DynamicRoutingDataSource - dynamic-datasource - add a datasource named [master] success
2022-04-25 18:53:02 [main] INFO  c.b.d.d.DynamicRoutingDataSource - dynamic-datasource initial loaded [2] datasource,primary datasource named [master]
2022-04-25 18:53:04 [main] INFO  o.f.s.b.e.EventRegistryAutoConfiguration - No deployment resources were found for autodeployment
2022-04-25 18:53:04 [main] INFO  c.f.framework.config.JacksonConfig - 初始化 jackson 配置
2022-04-25 18:53:04 [main] INFO  o.f.s.b.ProcessEngineAutoConfiguration - No deployment resources were found for autodeployment
2022-04-25 18:53:04 [main] INFO  o.f.s.SpringProcessEngineConfiguration - Found 1 Engine Configurators in total:
2022-04-25 18:53:04 [main] INFO  o.f.s.SpringProcessEngineConfiguration - class org.flowable.eventregistry.spring.configurator.SpringEventRegistryConfigurator (priority:100000)
2022-04-25 18:53:04 [main] INFO  o.f.s.SpringProcessEngineConfiguration - Executing beforeInit() of class org.flowable.eventregistry.spring.configurator.SpringEventRegistryConfigurator (priority:100000)
2022-04-25 18:53:05 [main] INFO  o.f.s.SpringProcessEngineConfiguration - Executing configure() of class org.flowable.eventregistry.spring.configurator.SpringEventRegistryConfigurator (priority:100000)
2022-04-25 18:53:05 [main] INFO  liquibase.lockservice - Successfully acquired change log lock
2022-04-25 18:53:05 [main] INFO  liquibase.changelog - Reading from oloas_fzs.FLW_EV_DATABASECHANGELOG
2022-04-25 18:53:05 [main] INFO  liquibase.lockservice - Successfully released change log lock
2022-04-25 18:53:05 [main] INFO  o.f.e.impl.EventRegistryEngineImpl - EventRegistryEngine default created
2022-04-25 18:53:06 [main] INFO  o.f.engine.impl.ProcessEngineImpl - ProcessEngine default created
2022-04-25 18:53:06 [main] INFO  o.f.e.impl.cmd.ValidateV5EntitiesCmd - Total of v5 deployments found: 0
2022-04-25 18:53:07 [main] INFO  io.undertow - starting server: Undertow - 2.2.16.Final
2022-04-25 18:53:07 [main] INFO  org.xnio - XNIO version 3.8.6.Final
2022-04-25 18:53:07 [main] INFO  org.xnio.nio - XNIO NIO Implementation Version 3.8.6.Final
2022-04-25 18:53:07 [main] INFO  org.jboss.threads - JBoss Threads version 3.1.0.Final
2022-04-25 18:53:08 [main] INFO  com.fzshuai.OloasApplication - Started OloasApplication in 9.836 seconds (JVM running for 10.689)
2022-04-25 18:53:08 [main] INFO  c.f.s.s.impl.SysOssConfigServiceImpl - 发布刷新OSS配置 => minio
2022-04-25 18:53:08 [main] INFO  c.f.s.s.impl.SysOssConfigServiceImpl - 发布刷新OSS配置 => qiniu
2022-04-25 18:53:08 [main] INFO  c.f.s.s.impl.SysOssConfigServiceImpl - 发布刷新OSS配置 => aliyun
2022-04-25 18:53:08 [main] INFO  c.f.s.s.impl.SysOssConfigServiceImpl - 发布刷新OSS配置 => qcloud
2022-04-25 18:53:08 [main] INFO  com.fzshuai.oss.factory.OssFactory - 初始化OSS工厂
2022-04-25 18:53:08 [main] INFO  c.f.s.runner.SystemApplicationRunner - 初始化OSS配置成功
2022-04-25 18:53:08 [main] INFO  c.f.s.runner.SystemApplicationRunner - 加载参数缓存数据成功
2022-04-25 18:53:08 [main] INFO  c.f.s.runner.SystemApplicationRunner - 加载字典缓存数据成功
2022-04-25 18:53:09 [RMI TCP Connection(1)-172.36.137.88] INFO  io.undertow.servlet - Initializing Spring DispatcherServlet 'dispatcherServlet'
2022-04-25 18:54:08 [XNIO-1 task-1] INFO  c.f.f.listener.UserActionListener - <0><1518543876519714816> user doLogout, useId:sys_user:1, token:eyJ0eXAiOiJKV1QiLCJhbGciOiJIUzI1NiJ9.eyJsb2dpbklkIjoic3lzX3VzZXI6MSIsInJuIjoiUmJHdTFmbGU3VTdHTkRnZVVUMUFVU2pBc1lENEd4cnQifQ.6J6R58KQHFMopetjaPSe6htyzZCOARDw7FeSN7Msb5U
2022-04-25 18:54:17 [XNIO-1 task-1] INFO  c.f.f.listener.UserActionListener - <0><1518543914486554624> user doLogin, useId:sys_user:1, token:eyJ0eXAiOiJKV1QiLCJhbGciOiJIUzI1NiJ9.eyJsb2dpbklkIjoic3lzX3VzZXI6MSIsInJuIjoibDRmU0k5eFpVTktaTWt5MWpPR1hZS0hwS3ZvQVpjNjIifQ.olJRr03oKz1lkczbWMNjERYxURyxiOR0DfB0NqsMb88
2022-04-25 18:54:17 [schedule-pool-1] INFO  c.f.s.s.i.SysLogininforServiceImpl - <0><1518543914486554624> [127.0.0.1]内网IP[admin][Success][登录成功]
2022-04-25 18:58:12 [SpringApplicationShutdownHook] INFO  io.undertow - stopping server: Undertow - 2.2.16.Final
2022-04-25 18:58:12 [SpringApplicationShutdownHook] INFO  io.undertow.servlet - Destroying Spring FrameworkServlet 'dispatcherServlet'
2022-04-25 18:58:12 [SpringApplicationShutdownHook] INFO  c.f.f.manager.ShutdownManager - ====关闭后台任务任务线程池====
2022-04-25 18:58:12 [SpringApplicationShutdownHook] INFO  c.b.d.d.DynamicRoutingDataSource - dynamic-datasource start closing ....
2022-04-25 18:58:12 [SpringApplicationShutdownHook] INFO  c.alibaba.druid.pool.DruidDataSource - {dataSource-0} closing ...
2022-04-25 18:58:12 [SpringApplicationShutdownHook] INFO  c.alibaba.druid.pool.DruidDataSource - {dataSource-1} closing ...
2022-04-25 18:58:12 [SpringApplicationShutdownHook] INFO  c.alibaba.druid.pool.DruidDataSource - {dataSource-1} closed
2022-04-25 18:58:12 [SpringApplicationShutdownHook] INFO  c.b.d.d.DynamicRoutingDataSource - dynamic-datasource all closed success,bye
2022-04-25 18:58:15 [main] INFO  com.fzshuai.OloasApplication - Starting OloasApplication using Java 1.8.0_311 on FZSHUAI with PID 10688 (F:\Idea Project\oloas-back\oloas-admin\target\classes started by fzshuai in F:\Idea Project\oloas-back)
2022-04-25 18:58:15 [background-preinit] INFO  o.h.validator.internal.util.Version - HV000001: Hibernate Validator 6.2.2.Final
2022-04-25 18:58:15 [main] INFO  com.fzshuai.OloasApplication - The following 1 profile is active: "dev"
2022-04-25 18:58:17 [main] INFO  org.redisson.Version - Redisson 3.16.8
2022-04-25 18:58:18 [redisson-netty-2-1] INFO  o.r.c.pool.MasterConnectionPool - 8 connections initialized for 192.168.75.128/192.168.75.128:6379
2022-04-25 18:58:18 [redisson-netty-2-3] INFO  o.r.c.p.MasterPubSubConnectionPool - 1 connections initialized for 192.168.75.128/192.168.75.128:6379
2022-04-25 18:58:18 [main] INFO  c.f.framework.config.RedisConfig - 初始化 redis 配置
2022-04-25 18:58:19 [main] INFO  io.undertow.servlet - Initializing Spring embedded WebApplicationContext
2022-04-25 18:58:19 [main] INFO  c.b.d.d.DynamicRoutingDataSource - dynamic-datasource detect P6SPY plugin and enabled it
2022-04-25 18:58:20 [main] INFO  c.alibaba.druid.pool.DruidDataSource - {dataSource-1,master} inited
2022-04-25 18:58:20 [main] INFO  c.b.d.d.DynamicRoutingDataSource - dynamic-datasource - add a datasource named [slave] success
2022-04-25 18:58:20 [main] INFO  c.b.d.d.DynamicRoutingDataSource - dynamic-datasource - add a datasource named [master] success
2022-04-25 18:58:20 [main] INFO  c.b.d.d.DynamicRoutingDataSource - dynamic-datasource initial loaded [2] datasource,primary datasource named [master]
2022-04-25 18:58:21 [main] INFO  o.f.s.b.e.EventRegistryAutoConfiguration - No deployment resources were found for autodeployment
2022-04-25 18:58:21 [main] INFO  c.f.framework.config.JacksonConfig - 初始化 jackson 配置
2022-04-25 18:58:21 [main] INFO  o.f.s.b.ProcessEngineAutoConfiguration - No deployment resources were found for autodeployment
2022-04-25 18:58:22 [main] INFO  o.f.s.SpringProcessEngineConfiguration - Found 1 Engine Configurators in total:
2022-04-25 18:58:22 [main] INFO  o.f.s.SpringProcessEngineConfiguration - class org.flowable.eventregistry.spring.configurator.SpringEventRegistryConfigurator (priority:100000)
2022-04-25 18:58:22 [main] INFO  o.f.s.SpringProcessEngineConfiguration - Executing beforeInit() of class org.flowable.eventregistry.spring.configurator.SpringEventRegistryConfigurator (priority:100000)
2022-04-25 18:58:22 [main] INFO  o.f.s.SpringProcessEngineConfiguration - Executing configure() of class org.flowable.eventregistry.spring.configurator.SpringEventRegistryConfigurator (priority:100000)
2022-04-25 18:58:23 [main] INFO  liquibase.lockservice - Successfully acquired change log lock
2022-04-25 18:58:23 [main] INFO  liquibase.changelog - Reading from oloas_fzs.FLW_EV_DATABASECHANGELOG
2022-04-25 18:58:23 [main] INFO  liquibase.lockservice - Successfully released change log lock
2022-04-25 18:58:23 [main] INFO  o.f.e.impl.EventRegistryEngineImpl - EventRegistryEngine default created
2022-04-25 18:58:23 [main] INFO  o.f.engine.impl.ProcessEngineImpl - ProcessEngine default created
2022-04-25 18:58:23 [main] INFO  o.f.e.impl.cmd.ValidateV5EntitiesCmd - Total of v5 deployments found: 0
2022-04-25 18:58:25 [main] INFO  io.undertow - starting server: Undertow - 2.2.16.Final
2022-04-25 18:58:25 [main] INFO  org.xnio - XNIO version 3.8.6.Final
2022-04-25 18:58:25 [main] INFO  org.xnio.nio - XNIO NIO Implementation Version 3.8.6.Final
2022-04-25 18:58:25 [main] INFO  org.jboss.threads - JBoss Threads version 3.1.0.Final
2022-04-25 18:58:26 [main] INFO  com.fzshuai.OloasApplication - Started OloasApplication in 10.989 seconds (JVM running for 11.845)
2022-04-25 18:58:26 [main] INFO  c.f.s.s.impl.SysOssConfigServiceImpl - 发布刷新OSS配置 => minio
2022-04-25 18:58:26 [main] INFO  c.f.s.s.impl.SysOssConfigServiceImpl - 发布刷新OSS配置 => qiniu
2022-04-25 18:58:26 [main] INFO  c.f.s.s.impl.SysOssConfigServiceImpl - 发布刷新OSS配置 => aliyun
2022-04-25 18:58:26 [main] INFO  c.f.s.s.impl.SysOssConfigServiceImpl - 发布刷新OSS配置 => qcloud
2022-04-25 18:58:26 [main] INFO  com.fzshuai.oss.factory.OssFactory - 初始化OSS工厂
2022-04-25 18:58:26 [main] INFO  c.f.s.runner.SystemApplicationRunner - 初始化OSS配置成功
2022-04-25 18:58:26 [main] INFO  c.f.s.runner.SystemApplicationRunner - 加载参数缓存数据成功
2022-04-25 18:58:26 [main] INFO  c.f.s.runner.SystemApplicationRunner - 加载字典缓存数据成功
2022-04-25 18:58:27 [RMI TCP Connection(5)-172.36.137.88] INFO  io.undertow.servlet - Initializing Spring DispatcherServlet 'dispatcherServlet'
