2022-05-01 00:21:36 [SpringApplicationShutdownHook] INFO  io.undertow - stopping server: Undertow - 2.2.17.Final
2022-05-01 00:21:36 [SpringApplicationShutdownHook] INFO  io.undertow.servlet - Destroying Spring FrameworkServlet 'dispatcherServlet'
2022-05-01 00:21:36 [SpringApplicationShutdownHook] INFO  c.f.f.manager.ShutdownManager - ====关闭后台任务任务线程池====
2022-05-01 00:21:36 [SpringApplicationShutdownHook] INFO  c.b.d.d.DynamicRoutingDataSource - dynamic-datasource start closing ....
2022-05-01 00:21:36 [SpringApplicationShutdownHook] INFO  c.alibaba.druid.pool.DruidDataSource - {dataSource-0} closing ...
2022-05-01 00:21:36 [SpringApplicationShutdownHook] INFO  c.alibaba.druid.pool.DruidDataSource - {dataSource-1} closing ...
2022-05-01 00:21:36 [SpringApplicationShutdownHook] INFO  c.alibaba.druid.pool.DruidDataSource - {dataSource-1} closed
2022-05-01 00:21:36 [SpringApplicationShutdownHook] INFO  c.b.d.d.DynamicRoutingDataSource - dynamic-datasource all closed success,bye
2022-05-01 00:21:44 [main] INFO  com.fzshuai.OloasApplication - Starting OloasApplication using Java 1.8.0_311 on FZSHUAI with PID 23280 (F:\Idea Project\oloas-back\oloas-admin\target\classes started by fzshuai in F:\Idea Project\oloas-back)
2022-05-01 00:21:44 [background-preinit] INFO  o.h.validator.internal.util.Version - HV000001: Hibernate Validator 6.2.3.Final
2022-05-01 00:21:44 [main] INFO  com.fzshuai.OloasApplication - The following 1 profile is active: "dev"
2022-05-01 00:21:46 [main] INFO  org.redisson.Version - Redisson 3.16.8
2022-05-01 00:21:47 [redisson-netty-2-3] INFO  o.r.c.pool.MasterConnectionPool - 8 connections initialized for 192.168.75.128/192.168.75.128:6379
2022-05-01 00:21:47 [redisson-netty-2-3] INFO  o.r.c.p.MasterPubSubConnectionPool - 1 connections initialized for 192.168.75.128/192.168.75.128:6379
2022-05-01 00:21:47 [main] INFO  c.f.framework.config.RedisConfig - 初始化 redis 配置
2022-05-01 00:21:47 [main] INFO  io.undertow.servlet - Initializing Spring embedded WebApplicationContext
2022-05-01 00:21:48 [main] INFO  c.b.d.d.DynamicRoutingDataSource - dynamic-datasource detect P6SPY plugin and enabled it
2022-05-01 00:21:49 [main] INFO  c.alibaba.druid.pool.DruidDataSource - {dataSource-1,master} inited
2022-05-01 00:21:49 [main] INFO  c.b.d.d.DynamicRoutingDataSource - dynamic-datasource - add a datasource named [slave] success
2022-05-01 00:21:49 [main] INFO  c.b.d.d.DynamicRoutingDataSource - dynamic-datasource - add a datasource named [master] success
2022-05-01 00:21:49 [main] INFO  c.b.d.d.DynamicRoutingDataSource - dynamic-datasource initial loaded [2] datasource,primary datasource named [master]
2022-05-01 00:21:51 [main] INFO  o.f.s.b.e.EventRegistryAutoConfiguration - No deployment resources were found for autodeployment
2022-05-01 00:21:51 [main] INFO  c.f.framework.config.JacksonConfig - 初始化 jackson 配置
2022-05-01 00:21:51 [main] INFO  o.f.s.b.ProcessEngineAutoConfiguration - No deployment resources were found for autodeployment
2022-05-01 00:21:51 [main] INFO  o.f.s.SpringProcessEngineConfiguration - Found 1 Engine Configurators in total:
2022-05-01 00:21:51 [main] INFO  o.f.s.SpringProcessEngineConfiguration - class org.flowable.eventregistry.spring.configurator.SpringEventRegistryConfigurator (priority:100000)
2022-05-01 00:21:51 [main] INFO  o.f.s.SpringProcessEngineConfiguration - Executing beforeInit() of class org.flowable.eventregistry.spring.configurator.SpringEventRegistryConfigurator (priority:100000)
2022-05-01 00:21:52 [main] INFO  o.f.s.SpringProcessEngineConfiguration - Executing configure() of class org.flowable.eventregistry.spring.configurator.SpringEventRegistryConfigurator (priority:100000)
2022-05-01 00:21:53 [main] INFO  liquibase.lockservice - Successfully acquired change log lock
2022-05-01 00:21:53 [main] INFO  liquibase.changelog - Reading from oloas_fzs.FLW_EV_DATABASECHANGELOG
2022-05-01 00:21:53 [main] INFO  liquibase.lockservice - Successfully released change log lock
2022-05-01 00:21:53 [main] INFO  o.f.e.impl.EventRegistryEngineImpl - EventRegistryEngine default created
2022-05-01 00:21:53 [main] INFO  o.f.engine.impl.ProcessEngineImpl - ProcessEngine default created
2022-05-01 00:21:53 [main] INFO  o.f.e.impl.cmd.ValidateV5EntitiesCmd - Total of v5 deployments found: 0
2022-05-01 00:21:55 [main] INFO  io.undertow - starting server: Undertow - 2.2.17.Final
2022-05-01 00:21:55 [main] INFO  org.xnio - XNIO version 3.8.6.Final
2022-05-01 00:21:55 [main] INFO  org.xnio.nio - XNIO NIO Implementation Version 3.8.6.Final
2022-05-01 00:21:55 [main] INFO  org.jboss.threads - JBoss Threads version 3.1.0.Final
2022-05-01 00:21:56 [main] INFO  com.fzshuai.OloasApplication - Started OloasApplication in 12.768 seconds (JVM running for 14.139)
2022-05-01 00:21:56 [main] INFO  c.f.s.s.impl.SysOssConfigServiceImpl - 发布刷新OSS配置 => minio
2022-05-01 00:21:56 [main] INFO  c.f.s.s.impl.SysOssConfigServiceImpl - 发布刷新OSS配置 => qiniu
2022-05-01 00:21:56 [main] INFO  c.f.s.s.impl.SysOssConfigServiceImpl - 发布刷新OSS配置 => aliyun
2022-05-01 00:21:56 [main] INFO  c.f.s.s.impl.SysOssConfigServiceImpl - 发布刷新OSS配置 => qcloud
2022-05-01 00:21:56 [main] INFO  com.fzshuai.oss.factory.OssFactory - 初始化OSS工厂
2022-05-01 00:21:56 [main] INFO  c.f.s.runner.SystemApplicationRunner - 初始化OSS配置成功
2022-05-01 00:21:56 [main] INFO  c.f.s.runner.SystemApplicationRunner - 加载参数缓存数据成功
2022-05-01 00:21:56 [main] INFO  c.f.s.runner.SystemApplicationRunner - 加载字典缓存数据成功
2022-05-01 00:21:57 [RMI TCP Connection(3)-192.168.43.110] INFO  io.undertow.servlet - Initializing Spring DispatcherServlet 'dispatcherServlet'
2022-05-01 09:09:43 [SpringApplicationShutdownHook] INFO  io.undertow - stopping server: Undertow - 2.2.17.Final
2022-05-01 09:09:43 [SpringApplicationShutdownHook] INFO  io.undertow.servlet - Destroying Spring FrameworkServlet 'dispatcherServlet'
2022-05-01 09:09:43 [SpringApplicationShutdownHook] INFO  c.f.f.manager.ShutdownManager - ====关闭后台任务任务线程池====
2022-05-01 09:09:43 [SpringApplicationShutdownHook] INFO  c.b.d.d.DynamicRoutingDataSource - dynamic-datasource start closing ....
2022-05-01 09:09:43 [SpringApplicationShutdownHook] INFO  c.alibaba.druid.pool.DruidDataSource - {dataSource-0} closing ...
2022-05-01 09:09:43 [SpringApplicationShutdownHook] INFO  c.alibaba.druid.pool.DruidDataSource - {dataSource-1} closing ...
2022-05-01 09:09:43 [SpringApplicationShutdownHook] INFO  c.alibaba.druid.pool.DruidDataSource - {dataSource-1} closed
2022-05-01 09:09:43 [SpringApplicationShutdownHook] INFO  c.b.d.d.DynamicRoutingDataSource - dynamic-datasource all closed success,bye
2022-05-01 09:11:00 [main] INFO  com.fzshuai.OloasApplication - Starting OloasApplication using Java 1.8.0_311 on FZSHUAI with PID 29476 (F:\Idea Project\oloas-back\oloas-admin\target\classes started by fzshuai in F:\Idea Project\oloas-back)
2022-05-01 09:11:00 [background-preinit] INFO  o.h.validator.internal.util.Version - HV000001: Hibernate Validator 6.2.3.Final
2022-05-01 09:11:00 [main] INFO  com.fzshuai.OloasApplication - The following 1 profile is active: "dev"
2022-05-01 09:11:02 [main] INFO  org.redisson.Version - Redisson 3.16.8
2022-05-01 09:11:03 [redisson-netty-2-6] INFO  o.r.c.pool.MasterConnectionPool - 8 connections initialized for 192.168.75.128/192.168.75.128:6379
2022-05-01 09:11:03 [redisson-netty-2-3] INFO  o.r.c.p.MasterPubSubConnectionPool - 1 connections initialized for 192.168.75.128/192.168.75.128:6379
2022-05-01 09:11:03 [main] INFO  c.f.framework.config.RedisConfig - 初始化 redis 配置
2022-05-01 09:11:03 [main] INFO  io.undertow.servlet - Initializing Spring embedded WebApplicationContext
2022-05-01 09:11:03 [main] INFO  c.b.d.d.DynamicRoutingDataSource - dynamic-datasource detect P6SPY plugin and enabled it
2022-05-01 09:11:04 [main] INFO  c.alibaba.druid.pool.DruidDataSource - {dataSource-1,master} inited
2022-05-01 09:11:04 [main] INFO  c.b.d.d.DynamicRoutingDataSource - dynamic-datasource - add a datasource named [slave] success
2022-05-01 09:11:04 [main] INFO  c.b.d.d.DynamicRoutingDataSource - dynamic-datasource - add a datasource named [master] success
2022-05-01 09:11:04 [main] INFO  c.b.d.d.DynamicRoutingDataSource - dynamic-datasource initial loaded [2] datasource,primary datasource named [master]
2022-05-01 09:11:05 [main] INFO  o.f.s.b.e.EventRegistryAutoConfiguration - No deployment resources were found for autodeployment
2022-05-01 09:11:05 [main] INFO  c.f.framework.config.JacksonConfig - 初始化 jackson 配置
2022-05-01 09:11:06 [main] INFO  o.f.s.b.ProcessEngineAutoConfiguration - No deployment resources were found for autodeployment
2022-05-01 09:11:06 [main] INFO  o.f.s.SpringProcessEngineConfiguration - Found 1 Engine Configurators in total:
2022-05-01 09:11:06 [main] INFO  o.f.s.SpringProcessEngineConfiguration - class org.flowable.eventregistry.spring.configurator.SpringEventRegistryConfigurator (priority:100000)
2022-05-01 09:11:06 [main] INFO  o.f.s.SpringProcessEngineConfiguration - Executing beforeInit() of class org.flowable.eventregistry.spring.configurator.SpringEventRegistryConfigurator (priority:100000)
2022-05-01 09:11:07 [main] INFO  o.f.s.SpringProcessEngineConfiguration - Executing configure() of class org.flowable.eventregistry.spring.configurator.SpringEventRegistryConfigurator (priority:100000)
2022-05-01 09:11:07 [main] INFO  liquibase.lockservice - Successfully acquired change log lock
2022-05-01 09:11:08 [main] INFO  liquibase.changelog - Reading from oloas_fzs.FLW_EV_DATABASECHANGELOG
2022-05-01 09:11:08 [main] INFO  liquibase.lockservice - Successfully released change log lock
2022-05-01 09:11:08 [main] INFO  o.f.e.impl.EventRegistryEngineImpl - EventRegistryEngine default created
2022-05-01 09:11:08 [main] INFO  o.f.engine.impl.ProcessEngineImpl - ProcessEngine default created
2022-05-01 09:11:08 [main] INFO  o.f.e.impl.cmd.ValidateV5EntitiesCmd - Total of v5 deployments found: 0
2022-05-01 09:11:09 [main] INFO  io.undertow - starting server: Undertow - 2.2.17.Final
2022-05-01 09:11:09 [main] INFO  org.xnio - XNIO version 3.8.6.Final
2022-05-01 09:11:09 [main] INFO  org.xnio.nio - XNIO NIO Implementation Version 3.8.6.Final
2022-05-01 09:11:09 [main] INFO  org.jboss.threads - JBoss Threads version 3.1.0.Final
2022-05-01 09:11:10 [main] INFO  com.fzshuai.OloasApplication - Started OloasApplication in 10.362 seconds (JVM running for 11.26)
2022-05-01 09:11:10 [main] INFO  c.f.s.s.impl.SysOssConfigServiceImpl - 发布刷新OSS配置 => minio
2022-05-01 09:11:10 [main] INFO  c.f.s.s.impl.SysOssConfigServiceImpl - 发布刷新OSS配置 => qiniu
2022-05-01 09:11:10 [main] INFO  c.f.s.s.impl.SysOssConfigServiceImpl - 发布刷新OSS配置 => aliyun
2022-05-01 09:11:10 [main] INFO  c.f.s.s.impl.SysOssConfigServiceImpl - 发布刷新OSS配置 => qcloud
2022-05-01 09:11:10 [main] INFO  com.fzshuai.oss.factory.OssFactory - 初始化OSS工厂
2022-05-01 09:11:10 [main] INFO  c.f.s.runner.SystemApplicationRunner - 初始化OSS配置成功
2022-05-01 09:11:10 [main] INFO  c.f.s.runner.SystemApplicationRunner - 加载参数缓存数据成功
2022-05-01 09:11:10 [main] INFO  c.f.s.runner.SystemApplicationRunner - 加载字典缓存数据成功
2022-05-01 09:11:11 [RMI TCP Connection(3)-172.36.137.210] INFO  io.undertow.servlet - Initializing Spring DispatcherServlet 'dispatcherServlet'
2022-05-01 09:30:35 [XNIO-1 task-1] INFO  c.f.f.listener.UserActionListener - <0><1520576385294098432> user doLogout, useId:sys_user:1, token:eyJ0eXAiOiJKV1QiLCJhbGciOiJIUzI1NiJ9.eyJsb2dpbklkIjoic3lzX3VzZXI6MSIsInJuIjoiNU1tcVh6OEpUODh2clRzMkFPMWJGV1gxWEY0Rll5WTQifQ.9wH4lIIUrqO4d5hA1jepjzDv1jgZLta7nQjRNOoJvFU
2022-05-01 09:30:40 [XNIO-1 task-1] INFO  c.f.f.listener.UserActionListener - <0><1520576401526054912> user doLogin, useId:sys_user:1, token:eyJ0eXAiOiJKV1QiLCJhbGciOiJIUzI1NiJ9.eyJsb2dpbklkIjoic3lzX3VzZXI6MSIsInJuIjoiWTdWZ2xIQjgwZEU5S2FFYXkwUm43WHZlZ2RpQTBFZ1kifQ.DY4MNS6AR8ghHdl5gKztRgVKJdVsz0qOZDh6S_L55_s
2022-05-01 09:30:40 [schedule-pool-1] INFO  c.f.s.s.i.SysLogininforServiceImpl - <0><1520576401526054912> [127.0.0.1]内网IP[admin][Success][登录成功]
2022-05-01 09:32:30 [XNIO-1 task-1] INFO  c.f.f.listener.UserActionListener - <0><1520576867337068544> user doLogout, useId:sys_user:1, token:eyJ0eXAiOiJKV1QiLCJhbGciOiJIUzI1NiJ9.eyJsb2dpbklkIjoic3lzX3VzZXI6MSIsInJuIjoiWTdWZ2xIQjgwZEU5S2FFYXkwUm43WHZlZ2RpQTBFZ1kifQ.DY4MNS6AR8ghHdl5gKztRgVKJdVsz0qOZDh6S_L55_s
2022-05-01 09:32:36 [XNIO-1 task-1] INFO  c.f.f.listener.UserActionListener - <0><1520576892192514048> user doLogin, useId:sys_user:2, token:eyJ0eXAiOiJKV1QiLCJhbGciOiJIUzI1NiJ9.eyJsb2dpbklkIjoic3lzX3VzZXI6MiIsInJuIjoiVmJTVGV3eWUzU0FQSmQzWUJPRnA2MUhMU0h6UmhhT24ifQ.V811vxzLIJxL1zxKD5qWE5tLNbZU-tblZ-IQjjmVbt8
2022-05-01 09:32:36 [schedule-pool-1] INFO  c.f.s.s.i.SysLogininforServiceImpl - <0><1520576401526054912> [127.0.0.1]内网IP[fzs][Success][登录成功]
2022-05-01 09:32:47 [XNIO-1 task-2] INFO  c.f.f.listener.UserActionListener - <0><1520576936861851648> user doLogout, useId:sys_user:2, token:eyJ0eXAiOiJKV1QiLCJhbGciOiJIUzI1NiJ9.eyJsb2dpbklkIjoic3lzX3VzZXI6MiIsInJuIjoiVmJTVGV3eWUzU0FQSmQzWUJPRnA2MUhMU0h6UmhhT24ifQ.V811vxzLIJxL1zxKD5qWE5tLNbZU-tblZ-IQjjmVbt8
2022-05-01 09:32:53 [XNIO-1 task-2] INFO  c.f.f.listener.UserActionListener - <0><1520576963260801024> user doLogin, useId:sys_user:1, token:eyJ0eXAiOiJKV1QiLCJhbGciOiJIUzI1NiJ9.eyJsb2dpbklkIjoic3lzX3VzZXI6MSIsInJuIjoiRVJjazFadUhtTTJhc2lFSkpmQ01DTTRheHl4TEZjNHQifQ.yyrCuiVSVLlRQn_4rWE8xIKY-Muu0SLkbwq1AZfMaGQ
2022-05-01 09:32:53 [schedule-pool-2] INFO  c.f.s.s.i.SysLogininforServiceImpl - <0><1520576892192514048> [127.0.0.1]内网IP[admin][Success][登录成功]
2022-05-01 09:52:25 [SpringApplicationShutdownHook] INFO  io.undertow - stopping server: Undertow - 2.2.17.Final
2022-05-01 09:52:25 [SpringApplicationShutdownHook] INFO  io.undertow.servlet - Destroying Spring FrameworkServlet 'dispatcherServlet'
2022-05-01 09:52:25 [SpringApplicationShutdownHook] INFO  c.f.f.manager.ShutdownManager - ====关闭后台任务任务线程池====
2022-05-01 09:52:25 [SpringApplicationShutdownHook] INFO  c.b.d.d.DynamicRoutingDataSource - dynamic-datasource start closing ....
2022-05-01 09:52:25 [SpringApplicationShutdownHook] INFO  c.alibaba.druid.pool.DruidDataSource - {dataSource-0} closing ...
2022-05-01 09:52:25 [SpringApplicationShutdownHook] INFO  c.alibaba.druid.pool.DruidDataSource - {dataSource-1} closing ...
2022-05-01 09:52:25 [SpringApplicationShutdownHook] INFO  c.alibaba.druid.pool.DruidDataSource - {dataSource-1} closed
2022-05-01 09:52:25 [SpringApplicationShutdownHook] INFO  c.b.d.d.DynamicRoutingDataSource - dynamic-datasource all closed success,bye
2022-05-01 09:52:29 [main] INFO  com.fzshuai.OloasApplication - Starting OloasApplication using Java 1.8.0_311 on FZSHUAI with PID 12752 (F:\Idea Project\oloas-back\oloas-admin\target\classes started by fzshuai in F:\Idea Project\oloas-back)
2022-05-01 09:52:29 [background-preinit] INFO  o.h.validator.internal.util.Version - HV000001: Hibernate Validator 6.2.3.Final
2022-05-01 09:52:29 [main] INFO  com.fzshuai.OloasApplication - The following 1 profile is active: "dev"
2022-05-01 09:52:32 [main] INFO  org.redisson.Version - Redisson 3.16.8
2022-05-01 09:52:33 [redisson-netty-2-4] INFO  o.r.c.pool.MasterConnectionPool - 8 connections initialized for 192.168.75.128/192.168.75.128:6379
2022-05-01 09:52:33 [redisson-netty-2-3] INFO  o.r.c.p.MasterPubSubConnectionPool - 1 connections initialized for 192.168.75.128/192.168.75.128:6379
2022-05-01 09:52:33 [main] INFO  c.f.framework.config.RedisConfig - 初始化 redis 配置
2022-05-01 09:52:34 [main] INFO  io.undertow.servlet - Initializing Spring embedded WebApplicationContext
2022-05-01 09:52:34 [main] INFO  c.b.d.d.DynamicRoutingDataSource - dynamic-datasource detect P6SPY plugin and enabled it
2022-05-01 09:52:35 [main] INFO  c.alibaba.druid.pool.DruidDataSource - {dataSource-1,master} inited
2022-05-01 09:52:35 [main] INFO  c.b.d.d.DynamicRoutingDataSource - dynamic-datasource - add a datasource named [slave] success
2022-05-01 09:52:35 [main] INFO  c.b.d.d.DynamicRoutingDataSource - dynamic-datasource - add a datasource named [master] success
2022-05-01 09:52:35 [main] INFO  c.b.d.d.DynamicRoutingDataSource - dynamic-datasource initial loaded [2] datasource,primary datasource named [master]
2022-05-01 09:53:01 [main] INFO  o.f.s.b.e.EventRegistryAutoConfiguration - No deployment resources were found for autodeployment
2022-05-01 09:53:01 [main] INFO  c.f.framework.config.JacksonConfig - 初始化 jackson 配置
2022-05-01 09:53:01 [main] INFO  o.f.s.b.ProcessEngineAutoConfiguration - No deployment resources were found for autodeployment
2022-05-01 09:53:02 [main] INFO  o.f.s.SpringProcessEngineConfiguration - Found 1 Engine Configurators in total:
2022-05-01 09:53:02 [main] INFO  o.f.s.SpringProcessEngineConfiguration - class org.flowable.eventregistry.spring.configurator.SpringEventRegistryConfigurator (priority:100000)
2022-05-01 09:53:02 [main] INFO  o.f.s.SpringProcessEngineConfiguration - Executing beforeInit() of class org.flowable.eventregistry.spring.configurator.SpringEventRegistryConfigurator (priority:100000)
2022-05-01 09:53:03 [main] INFO  o.f.s.SpringProcessEngineConfiguration - Executing configure() of class org.flowable.eventregistry.spring.configurator.SpringEventRegistryConfigurator (priority:100000)
2022-05-01 09:53:03 [main] INFO  liquibase.lockservice - Successfully acquired change log lock
2022-05-01 09:53:03 [main] INFO  liquibase.changelog - Reading from oloas_fzs.FLW_EV_DATABASECHANGELOG
2022-05-01 09:53:03 [main] INFO  liquibase.lockservice - Successfully released change log lock
2022-05-01 09:53:03 [main] INFO  o.f.e.impl.EventRegistryEngineImpl - EventRegistryEngine default created
2022-05-01 09:53:03 [main] INFO  o.f.engine.impl.ProcessEngineImpl - ProcessEngine default created
2022-05-01 09:53:03 [main] INFO  o.f.e.impl.cmd.ValidateV5EntitiesCmd - Total of v5 deployments found: 0
2022-05-01 09:53:05 [main] INFO  io.undertow - starting server: Undertow - 2.2.17.Final
2022-05-01 09:53:05 [main] INFO  org.xnio - XNIO version 3.8.6.Final
2022-05-01 09:53:05 [main] INFO  org.xnio.nio - XNIO NIO Implementation Version 3.8.6.Final
2022-05-01 09:53:05 [main] INFO  org.jboss.threads - JBoss Threads version 3.1.0.Final
2022-05-01 09:53:06 [main] INFO  com.fzshuai.OloasApplication - Started OloasApplication in 36.831 seconds (JVM running for 38.57)
2022-05-01 09:53:06 [main] INFO  c.f.s.s.impl.SysOssConfigServiceImpl - 发布刷新OSS配置 => minio
2022-05-01 09:53:06 [main] INFO  c.f.s.s.impl.SysOssConfigServiceImpl - 发布刷新OSS配置 => qiniu
2022-05-01 09:53:06 [main] INFO  c.f.s.s.impl.SysOssConfigServiceImpl - 发布刷新OSS配置 => aliyun
2022-05-01 09:53:06 [main] INFO  c.f.s.s.impl.SysOssConfigServiceImpl - 发布刷新OSS配置 => qcloud
2022-05-01 09:53:06 [main] INFO  com.fzshuai.oss.factory.OssFactory - 初始化OSS工厂
2022-05-01 09:53:06 [main] INFO  c.f.s.runner.SystemApplicationRunner - 初始化OSS配置成功
2022-05-01 09:53:06 [main] INFO  c.f.s.runner.SystemApplicationRunner - 加载参数缓存数据成功
2022-05-01 09:53:06 [main] INFO  c.f.s.runner.SystemApplicationRunner - 加载字典缓存数据成功
2022-05-01 09:53:07 [RMI TCP Connection(3)-172.36.137.210] INFO  io.undertow.servlet - Initializing Spring DispatcherServlet 'dispatcherServlet'
2022-05-01 09:53:10 [XNIO-1 task-1] INFO  c.f.f.listener.UserActionListener - <0><1520582066508255232> user doLogout, useId:sys_user:1, token:eyJ0eXAiOiJKV1QiLCJhbGciOiJIUzI1NiJ9.eyJsb2dpbklkIjoic3lzX3VzZXI6MSIsInJuIjoiRVJjazFadUhtTTJhc2lFSkpmQ01DTTRheHl4TEZjNHQifQ.yyrCuiVSVLlRQn_4rWE8xIKY-Muu0SLkbwq1AZfMaGQ
2022-05-01 09:53:17 [XNIO-1 task-1] INFO  c.f.f.listener.UserActionListener - <0><1520582091917348864> user doLogin, useId:sys_user:2, token:eyJ0eXAiOiJKV1QiLCJhbGciOiJIUzI1NiJ9.eyJsb2dpbklkIjoic3lzX3VzZXI6MiIsInJuIjoieWs2Qmpyc0t2eXZ2UXQ0TzRCUlZ6V3EzRWs3UHZZNTcifQ.UVq4uG8f-kuit_shlz9s5zENnzN08JXy7DV2RImnGOs
2022-05-01 09:53:17 [schedule-pool-1] INFO  c.f.s.s.i.SysLogininforServiceImpl - <0><1520582091917348864> [127.0.0.1]内网IP[fzs][Success][登录成功]
2022-05-01 09:54:01 [XNIO-1 task-1] INFO  c.f.f.listener.UserActionListener - <0><1520582280874938368> user doLogout, useId:sys_user:2, token:eyJ0eXAiOiJKV1QiLCJhbGciOiJIUzI1NiJ9.eyJsb2dpbklkIjoic3lzX3VzZXI6MiIsInJuIjoieWs2Qmpyc0t2eXZ2UXQ0TzRCUlZ6V3EzRWs3UHZZNTcifQ.UVq4uG8f-kuit_shlz9s5zENnzN08JXy7DV2RImnGOs
2022-05-01 09:54:11 [XNIO-1 task-1] INFO  c.f.f.listener.UserActionListener - <0><1520582320603385856> user doLogin, useId:sys_user:1, token:eyJ0eXAiOiJKV1QiLCJhbGciOiJIUzI1NiJ9.eyJsb2dpbklkIjoic3lzX3VzZXI6MSIsInJuIjoiZGlZZXdrT1JxMHpGU3Q5anFrSlBqSU5jSW5qdUFQSmMifQ._uvGbdMlYiSQmU-JhrpjyDOSwqsnNwDN0NrR3mBjZoQ
2022-05-01 09:54:11 [schedule-pool-1] INFO  c.f.s.s.i.SysLogininforServiceImpl - <0><1520582091917348864> [127.0.0.1]内网IP[admin][Success][登录成功]
2022-05-01 09:59:37 [SpringApplicationShutdownHook] INFO  io.undertow - stopping server: Undertow - 2.2.17.Final
2022-05-01 09:59:37 [SpringApplicationShutdownHook] INFO  io.undertow.servlet - Destroying Spring FrameworkServlet 'dispatcherServlet'
2022-05-01 09:59:37 [SpringApplicationShutdownHook] INFO  c.f.f.manager.ShutdownManager - ====关闭后台任务任务线程池====
2022-05-01 09:59:38 [SpringApplicationShutdownHook] INFO  c.b.d.d.DynamicRoutingDataSource - dynamic-datasource start closing ....
2022-05-01 09:59:38 [SpringApplicationShutdownHook] INFO  c.alibaba.druid.pool.DruidDataSource - {dataSource-0} closing ...
2022-05-01 09:59:38 [SpringApplicationShutdownHook] INFO  c.alibaba.druid.pool.DruidDataSource - {dataSource-1} closing ...
2022-05-01 09:59:38 [SpringApplicationShutdownHook] INFO  c.alibaba.druid.pool.DruidDataSource - {dataSource-1} closed
2022-05-01 09:59:38 [SpringApplicationShutdownHook] INFO  c.b.d.d.DynamicRoutingDataSource - dynamic-datasource all closed success,bye
2022-05-01 09:59:40 [main] INFO  com.fzshuai.OloasApplication - Starting OloasApplication using Java 1.8.0_311 on FZSHUAI with PID 8624 (F:\Idea Project\oloas-back\oloas-admin\target\classes started by fzshuai in F:\Idea Project\oloas-back)
2022-05-01 09:59:40 [background-preinit] INFO  o.h.validator.internal.util.Version - HV000001: Hibernate Validator 6.2.3.Final
2022-05-01 09:59:40 [main] INFO  com.fzshuai.OloasApplication - The following 1 profile is active: "dev"
2022-05-01 09:59:42 [main] INFO  org.redisson.Version - Redisson 3.16.8
2022-05-01 09:59:43 [redisson-netty-2-3] INFO  o.r.c.pool.MasterConnectionPool - 8 connections initialized for 192.168.75.128/192.168.75.128:6379
2022-05-01 09:59:43 [redisson-netty-2-3] INFO  o.r.c.p.MasterPubSubConnectionPool - 1 connections initialized for 192.168.75.128/192.168.75.128:6379
2022-05-01 09:59:43 [main] INFO  c.f.framework.config.RedisConfig - 初始化 redis 配置
2022-05-01 09:59:43 [main] INFO  io.undertow.servlet - Initializing Spring embedded WebApplicationContext
2022-05-01 09:59:44 [main] INFO  c.b.d.d.DynamicRoutingDataSource - dynamic-datasource detect P6SPY plugin and enabled it
2022-05-01 09:59:44 [main] INFO  c.alibaba.druid.pool.DruidDataSource - {dataSource-1,master} inited
2022-05-01 09:59:44 [main] INFO  c.b.d.d.DynamicRoutingDataSource - dynamic-datasource - add a datasource named [slave] success
2022-05-01 09:59:44 [main] INFO  c.b.d.d.DynamicRoutingDataSource - dynamic-datasource - add a datasource named [master] success
2022-05-01 09:59:44 [main] INFO  c.b.d.d.DynamicRoutingDataSource - dynamic-datasource initial loaded [2] datasource,primary datasource named [master]
2022-05-01 09:59:46 [main] INFO  o.f.s.b.e.EventRegistryAutoConfiguration - No deployment resources were found for autodeployment
2022-05-01 09:59:46 [main] INFO  c.f.framework.config.JacksonConfig - 初始化 jackson 配置
2022-05-01 09:59:46 [main] INFO  o.f.s.b.ProcessEngineAutoConfiguration - No deployment resources were found for autodeployment
2022-05-01 09:59:47 [main] INFO  o.f.s.SpringProcessEngineConfiguration - Found 1 Engine Configurators in total:
2022-05-01 09:59:47 [main] INFO  o.f.s.SpringProcessEngineConfiguration - class org.flowable.eventregistry.spring.configurator.SpringEventRegistryConfigurator (priority:100000)
2022-05-01 09:59:47 [main] INFO  o.f.s.SpringProcessEngineConfiguration - Executing beforeInit() of class org.flowable.eventregistry.spring.configurator.SpringEventRegistryConfigurator (priority:100000)
2022-05-01 09:59:47 [main] INFO  o.f.s.SpringProcessEngineConfiguration - Executing configure() of class org.flowable.eventregistry.spring.configurator.SpringEventRegistryConfigurator (priority:100000)
2022-05-01 09:59:48 [main] INFO  liquibase.lockservice - Successfully acquired change log lock
2022-05-01 09:59:48 [main] INFO  liquibase.changelog - Reading from oloas_fzs.FLW_EV_DATABASECHANGELOG
2022-05-01 09:59:48 [main] INFO  liquibase.lockservice - Successfully released change log lock
2022-05-01 09:59:48 [main] INFO  o.f.e.impl.EventRegistryEngineImpl - EventRegistryEngine default created
2022-05-01 09:59:48 [main] INFO  o.f.engine.impl.ProcessEngineImpl - ProcessEngine default created
2022-05-01 09:59:48 [main] INFO  o.f.e.impl.cmd.ValidateV5EntitiesCmd - Total of v5 deployments found: 0
2022-05-01 09:59:50 [main] INFO  io.undertow - starting server: Undertow - 2.2.17.Final
2022-05-01 09:59:50 [main] INFO  org.xnio - XNIO version 3.8.6.Final
2022-05-01 09:59:50 [main] INFO  org.xnio.nio - XNIO NIO Implementation Version 3.8.6.Final
2022-05-01 09:59:50 [main] INFO  org.jboss.threads - JBoss Threads version 3.1.0.Final
2022-05-01 09:59:50 [main] INFO  com.fzshuai.OloasApplication - Started OloasApplication in 10.398 seconds (JVM running for 11.257)
2022-05-01 09:59:51 [main] INFO  c.f.s.s.impl.SysOssConfigServiceImpl - 发布刷新OSS配置 => minio
2022-05-01 09:59:51 [main] INFO  c.f.s.s.impl.SysOssConfigServiceImpl - 发布刷新OSS配置 => qiniu
2022-05-01 09:59:51 [main] INFO  c.f.s.s.impl.SysOssConfigServiceImpl - 发布刷新OSS配置 => aliyun
2022-05-01 09:59:51 [main] INFO  c.f.s.s.impl.SysOssConfigServiceImpl - 发布刷新OSS配置 => qcloud
2022-05-01 09:59:51 [main] INFO  com.fzshuai.oss.factory.OssFactory - 初始化OSS工厂
2022-05-01 09:59:51 [main] INFO  c.f.s.runner.SystemApplicationRunner - 初始化OSS配置成功
2022-05-01 09:59:51 [main] INFO  c.f.s.runner.SystemApplicationRunner - 加载参数缓存数据成功
2022-05-01 09:59:51 [main] INFO  c.f.s.runner.SystemApplicationRunner - 加载字典缓存数据成功
2022-05-01 09:59:51 [RMI TCP Connection(3)-172.36.137.210] INFO  io.undertow.servlet - Initializing Spring DispatcherServlet 'dispatcherServlet'
2022-05-01 10:00:51 [XNIO-1 task-2] INFO  c.f.f.listener.UserActionListener - <0><1520584000111730688> user doLogout, useId:sys_user:1, token:eyJ0eXAiOiJKV1QiLCJhbGciOiJIUzI1NiJ9.eyJsb2dpbklkIjoic3lzX3VzZXI6MSIsInJuIjoiZGlZZXdrT1JxMHpGU3Q5anFrSlBqSU5jSW5qdUFQSmMifQ._uvGbdMlYiSQmU-JhrpjyDOSwqsnNwDN0NrR3mBjZoQ
2022-05-01 10:01:01 [XNIO-1 task-2] INFO  c.f.f.listener.UserActionListener - <0><1520584039668211712> user doLogin, useId:sys_user:2, token:eyJ0eXAiOiJKV1QiLCJhbGciOiJIUzI1NiJ9.eyJsb2dpbklkIjoic3lzX3VzZXI6MiIsInJuIjoiZFNHbGQ0RUxubVpRTWFwWkdiWnFKMkZmVUVkNXVoRlUifQ.wQmD5x5dj6l9sWBvKp0MsRqCT37nqqm63cfsRYEbBS4
2022-05-01 10:01:01 [schedule-pool-1] INFO  c.f.s.s.i.SysLogininforServiceImpl - <0><1520584039668211712> [127.0.0.1]内网IP[fzs][Success][登录成功]
2022-05-01 10:02:14 [XNIO-1 task-3] INFO  c.f.f.listener.UserActionListener - <0><1520584347702091776> user doLogout, useId:sys_user:2, token:eyJ0eXAiOiJKV1QiLCJhbGciOiJIUzI1NiJ9.eyJsb2dpbklkIjoic3lzX3VzZXI6MiIsInJuIjoiZFNHbGQ0RUxubVpRTWFwWkdiWnFKMkZmVUVkNXVoRlUifQ.wQmD5x5dj6l9sWBvKp0MsRqCT37nqqm63cfsRYEbBS4
2022-05-01 10:02:23 [XNIO-1 task-3] INFO  c.f.f.listener.UserActionListener - <0><1520584385438244864> user doLogin, useId:sys_user:6, token:eyJ0eXAiOiJKV1QiLCJhbGciOiJIUzI1NiJ9.eyJsb2dpbklkIjoic3lzX3VzZXI6NiIsInJuIjoicW92bFlIYUNrSmNhT1ZqQjNUZmRGcHY5NEZpUFpwWW4ifQ.f3oaUO5ipBUGnd77hqTM1kGqqVsKB2Rgc4rDjE9ee0w
2022-05-01 10:02:23 [schedule-pool-1] INFO  c.f.s.s.i.SysLogininforServiceImpl - <0><1520584039668211712> [127.0.0.1]内网IP[zxl][Success][登录成功]
2022-05-01 10:02:39 [XNIO-1 task-2] INFO  c.f.f.listener.UserActionListener - <0><1520584451599196160> user doLogout, useId:sys_user:6, token:eyJ0eXAiOiJKV1QiLCJhbGciOiJIUzI1NiJ9.eyJsb2dpbklkIjoic3lzX3VzZXI6NiIsInJuIjoicW92bFlIYUNrSmNhT1ZqQjNUZmRGcHY5NEZpUFpwWW4ifQ.f3oaUO5ipBUGnd77hqTM1kGqqVsKB2Rgc4rDjE9ee0w
2022-05-01 10:02:46 [XNIO-1 task-2] INFO  c.f.f.listener.UserActionListener - <0><1520584483421380608> user doLogin, useId:sys_user:1, token:eyJ0eXAiOiJKV1QiLCJhbGciOiJIUzI1NiJ9.eyJsb2dpbklkIjoic3lzX3VzZXI6MSIsInJuIjoibnhpQ2t6dE1nS3JWQ0I2N0xiUEFxTUQxN1pZRlRwYjQifQ.ZDMO4XATQorp3vwaZ36Y9vxYe-vLfZwzA8eOAJFzOug
2022-05-01 10:02:46 [schedule-pool-2] INFO  c.f.s.s.i.SysLogininforServiceImpl - <0><1520584385438244864> [127.0.0.1]内网IP[admin][Success][登录成功]
2022-05-01 11:14:19 [SpringApplicationShutdownHook] INFO  io.undertow - stopping server: Undertow - 2.2.17.Final
2022-05-01 11:14:19 [SpringApplicationShutdownHook] INFO  io.undertow.servlet - Destroying Spring FrameworkServlet 'dispatcherServlet'
2022-05-01 11:14:19 [SpringApplicationShutdownHook] INFO  c.f.f.manager.ShutdownManager - ====关闭后台任务任务线程池====
2022-05-01 11:14:19 [SpringApplicationShutdownHook] INFO  c.b.d.d.DynamicRoutingDataSource - dynamic-datasource start closing ....
2022-05-01 11:14:19 [SpringApplicationShutdownHook] INFO  c.alibaba.druid.pool.DruidDataSource - {dataSource-0} closing ...
2022-05-01 11:14:19 [SpringApplicationShutdownHook] INFO  c.alibaba.druid.pool.DruidDataSource - {dataSource-1} closing ...
2022-05-01 11:14:19 [SpringApplicationShutdownHook] INFO  c.alibaba.druid.pool.DruidDataSource - {dataSource-1} closed
2022-05-01 11:14:19 [SpringApplicationShutdownHook] INFO  c.b.d.d.DynamicRoutingDataSource - dynamic-datasource all closed success,bye
2022-05-01 11:14:26 [main] INFO  com.fzshuai.OloasApplication - Starting OloasApplication using Java 1.8.0_311 on FZSHUAI with PID 26844 (F:\Idea Project\oloas-back\oloas-admin\target\classes started by fzshuai in F:\Idea Project\oloas-back)
2022-05-01 11:14:26 [background-preinit] INFO  o.h.validator.internal.util.Version - HV000001: Hibernate Validator 6.2.3.Final
2022-05-01 11:14:26 [main] INFO  com.fzshuai.OloasApplication - The following 1 profile is active: "dev"
2022-05-01 11:14:28 [main] INFO  org.redisson.Version - Redisson 3.16.8
2022-05-01 11:14:29 [redisson-netty-2-7] INFO  o.r.c.pool.MasterConnectionPool - 8 connections initialized for 192.168.75.128/192.168.75.128:6379
2022-05-01 11:14:29 [redisson-netty-2-3] INFO  o.r.c.p.MasterPubSubConnectionPool - 1 connections initialized for 192.168.75.128/192.168.75.128:6379
2022-05-01 11:14:29 [main] INFO  c.f.framework.config.RedisConfig - 初始化 redis 配置
2022-05-01 11:14:29 [main] INFO  io.undertow.servlet - Initializing Spring embedded WebApplicationContext
2022-05-01 11:14:29 [main] INFO  c.b.d.d.DynamicRoutingDataSource - dynamic-datasource detect P6SPY plugin and enabled it
2022-05-01 11:14:30 [main] INFO  c.alibaba.druid.pool.DruidDataSource - {dataSource-1,master} inited
2022-05-01 11:14:30 [main] INFO  c.b.d.d.DynamicRoutingDataSource - dynamic-datasource - add a datasource named [slave] success
2022-05-01 11:14:30 [main] INFO  c.b.d.d.DynamicRoutingDataSource - dynamic-datasource - add a datasource named [master] success
2022-05-01 11:14:30 [main] INFO  c.b.d.d.DynamicRoutingDataSource - dynamic-datasource initial loaded [2] datasource,primary datasource named [master]
2022-05-01 11:14:32 [main] INFO  o.f.s.b.e.EventRegistryAutoConfiguration - No deployment resources were found for autodeployment
2022-05-01 11:14:32 [main] INFO  c.f.framework.config.JacksonConfig - 初始化 jackson 配置
2022-05-01 11:14:32 [main] INFO  o.f.s.b.ProcessEngineAutoConfiguration - No deployment resources were found for autodeployment
2022-05-01 11:14:32 [main] INFO  o.f.s.SpringProcessEngineConfiguration - Found 1 Engine Configurators in total:
2022-05-01 11:14:32 [main] INFO  o.f.s.SpringProcessEngineConfiguration - class org.flowable.eventregistry.spring.configurator.SpringEventRegistryConfigurator (priority:100000)
2022-05-01 11:14:32 [main] INFO  o.f.s.SpringProcessEngineConfiguration - Executing beforeInit() of class org.flowable.eventregistry.spring.configurator.SpringEventRegistryConfigurator (priority:100000)
2022-05-01 11:14:33 [main] INFO  o.f.s.SpringProcessEngineConfiguration - Executing configure() of class org.flowable.eventregistry.spring.configurator.SpringEventRegistryConfigurator (priority:100000)
2022-05-01 11:14:33 [main] INFO  liquibase.lockservice - Successfully acquired change log lock
2022-05-01 11:14:34 [main] INFO  liquibase.changelog - Reading from oloas_fzs.FLW_EV_DATABASECHANGELOG
2022-05-01 11:14:34 [main] INFO  liquibase.lockservice - Successfully released change log lock
2022-05-01 11:14:34 [main] INFO  o.f.e.impl.EventRegistryEngineImpl - EventRegistryEngine default created
2022-05-01 11:14:34 [main] INFO  o.f.engine.impl.ProcessEngineImpl - ProcessEngine default created
2022-05-01 11:14:34 [main] INFO  o.f.e.impl.cmd.ValidateV5EntitiesCmd - Total of v5 deployments found: 0
2022-05-01 11:14:35 [main] INFO  io.undertow - starting server: Undertow - 2.2.17.Final
2022-05-01 11:14:35 [main] INFO  org.xnio - XNIO version 3.8.6.Final
2022-05-01 11:14:35 [main] INFO  org.xnio.nio - XNIO NIO Implementation Version 3.8.6.Final
2022-05-01 11:14:35 [main] INFO  org.jboss.threads - JBoss Threads version 3.1.0.Final
2022-05-01 11:14:36 [main] INFO  com.fzshuai.OloasApplication - Started OloasApplication in 9.834 seconds (JVM running for 10.63)
2022-05-01 11:14:36 [main] INFO  c.f.s.s.i.FileOssConfigServiceImpl - 发布刷新OSS配置 => minio
2022-05-01 11:14:36 [main] INFO  c.f.s.s.i.FileOssConfigServiceImpl - 发布刷新OSS配置 => qiniu
2022-05-01 11:14:36 [main] INFO  c.f.s.s.i.FileOssConfigServiceImpl - 发布刷新OSS配置 => aliyun
2022-05-01 11:14:36 [main] INFO  c.f.s.s.i.FileOssConfigServiceImpl - 发布刷新OSS配置 => qcloud
2022-05-01 11:14:36 [main] INFO  com.fzshuai.oss.factory.OssFactory - 初始化OSS工厂
2022-05-01 11:14:36 [main] INFO  c.f.s.runner.SystemApplicationRunner - 初始化OSS配置成功
2022-05-01 11:14:36 [main] INFO  c.f.s.runner.SystemApplicationRunner - 加载参数缓存数据成功
2022-05-01 11:14:36 [main] INFO  c.f.s.runner.SystemApplicationRunner - 加载字典缓存数据成功
2022-05-01 11:14:36 [RMI TCP Connection(2)-172.36.137.210] INFO  io.undertow.servlet - Initializing Spring DispatcherServlet 'dispatcherServlet'
2022-05-01 22:11:15 [SpringApplicationShutdownHook] INFO  io.undertow - stopping server: Undertow - 2.2.17.Final
2022-05-01 22:11:15 [SpringApplicationShutdownHook] INFO  io.undertow.servlet - Destroying Spring FrameworkServlet 'dispatcherServlet'
2022-05-01 22:11:15 [SpringApplicationShutdownHook] INFO  c.f.f.manager.ShutdownManager - ====关闭后台任务任务线程池====
2022-05-01 22:11:16 [SpringApplicationShutdownHook] INFO  c.b.d.d.DynamicRoutingDataSource - dynamic-datasource start closing ....
2022-05-01 22:11:16 [SpringApplicationShutdownHook] INFO  c.alibaba.druid.pool.DruidDataSource - {dataSource-0} closing ...
2022-05-01 22:11:16 [SpringApplicationShutdownHook] INFO  c.alibaba.druid.pool.DruidDataSource - {dataSource-1} closing ...
2022-05-01 22:11:16 [SpringApplicationShutdownHook] INFO  c.alibaba.druid.pool.DruidDataSource - {dataSource-1} closed
2022-05-01 22:11:16 [SpringApplicationShutdownHook] INFO  c.b.d.d.DynamicRoutingDataSource - dynamic-datasource all closed success,bye
2022-05-01 22:11:24 [main] INFO  com.fzshuai.OloasApplication - Starting OloasApplication using Java 1.8.0_311 on FZSHUAI with PID 27156 (F:\Idea Project\oloas-back\oloas-admin\target\classes started by fzshuai in F:\Idea Project\oloas-back)
2022-05-01 22:11:24 [background-preinit] INFO  o.h.validator.internal.util.Version - HV000001: Hibernate Validator 6.2.3.Final
2022-05-01 22:11:24 [main] INFO  com.fzshuai.OloasApplication - The following 1 profile is active: "dev"
2022-05-01 22:11:26 [main] INFO  org.redisson.Version - Redisson 3.16.8
2022-05-01 22:11:26 [redisson-netty-2-5] INFO  o.r.c.pool.MasterConnectionPool - 8 connections initialized for 192.168.75.128/192.168.75.128:6379
2022-05-01 22:11:26 [redisson-netty-2-3] INFO  o.r.c.p.MasterPubSubConnectionPool - 1 connections initialized for 192.168.75.128/192.168.75.128:6379
2022-05-01 22:11:27 [main] INFO  c.f.framework.config.RedisConfig - 初始化 redis 配置
2022-05-01 22:11:27 [main] INFO  io.undertow.servlet - Initializing Spring embedded WebApplicationContext
2022-05-01 22:11:27 [main] INFO  c.b.d.d.DynamicRoutingDataSource - dynamic-datasource detect P6SPY plugin and enabled it
2022-05-01 22:11:28 [main] INFO  c.alibaba.druid.pool.DruidDataSource - {dataSource-1,master} inited
2022-05-01 22:11:28 [main] INFO  c.b.d.d.DynamicRoutingDataSource - dynamic-datasource - add a datasource named [slave] success
2022-05-01 22:11:28 [main] INFO  c.b.d.d.DynamicRoutingDataSource - dynamic-datasource - add a datasource named [master] success
2022-05-01 22:11:28 [main] INFO  c.b.d.d.DynamicRoutingDataSource - dynamic-datasource initial loaded [2] datasource,primary datasource named [master]
2022-05-01 22:11:30 [main] INFO  o.f.s.b.e.EventRegistryAutoConfiguration - No deployment resources were found for autodeployment
2022-05-01 22:11:30 [main] INFO  c.f.framework.config.JacksonConfig - 初始化 jackson 配置
2022-05-01 22:11:30 [main] INFO  o.f.s.b.ProcessEngineAutoConfiguration - No deployment resources were found for autodeployment
2022-05-01 22:11:30 [main] INFO  o.f.s.SpringProcessEngineConfiguration - Found 1 Engine Configurators in total:
2022-05-01 22:11:30 [main] INFO  o.f.s.SpringProcessEngineConfiguration - class org.flowable.eventregistry.spring.configurator.SpringEventRegistryConfigurator (priority:100000)
2022-05-01 22:11:30 [main] INFO  o.f.s.SpringProcessEngineConfiguration - Executing beforeInit() of class org.flowable.eventregistry.spring.configurator.SpringEventRegistryConfigurator (priority:100000)
2022-05-01 22:11:31 [main] INFO  o.f.s.SpringProcessEngineConfiguration - Executing configure() of class org.flowable.eventregistry.spring.configurator.SpringEventRegistryConfigurator (priority:100000)
2022-05-01 22:11:31 [main] INFO  liquibase.lockservice - Successfully acquired change log lock
2022-05-01 22:11:32 [main] INFO  liquibase.changelog - Reading from oloas_fzs.FLW_EV_DATABASECHANGELOG
2022-05-01 22:11:32 [main] INFO  liquibase.lockservice - Successfully released change log lock
2022-05-01 22:11:32 [main] INFO  o.f.e.impl.EventRegistryEngineImpl - EventRegistryEngine default created
2022-05-01 22:11:32 [main] INFO  o.f.engine.impl.ProcessEngineImpl - ProcessEngine default created
2022-05-01 22:11:32 [main] INFO  o.f.e.impl.cmd.ValidateV5EntitiesCmd - Total of v5 deployments found: 0
2022-05-01 22:11:33 [main] INFO  io.undertow - starting server: Undertow - 2.2.17.Final
2022-05-01 22:11:33 [main] INFO  org.xnio - XNIO version 3.8.6.Final
2022-05-01 22:11:33 [main] INFO  org.xnio.nio - XNIO NIO Implementation Version 3.8.6.Final
2022-05-01 22:11:34 [main] INFO  org.jboss.threads - JBoss Threads version 3.1.0.Final
2022-05-01 22:11:34 [main] INFO  com.fzshuai.OloasApplication - Started OloasApplication in 10.982 seconds (JVM running for 11.816)
2022-05-01 22:11:34 [main] INFO  c.f.s.s.impl.SysOssConfigServiceImpl - 发布刷新OSS配置 => minio
2022-05-01 22:11:34 [main] INFO  c.f.s.s.impl.SysOssConfigServiceImpl - 发布刷新OSS配置 => qiniu
2022-05-01 22:11:34 [main] INFO  c.f.s.s.impl.SysOssConfigServiceImpl - 发布刷新OSS配置 => aliyun
2022-05-01 22:11:34 [main] INFO  c.f.s.s.impl.SysOssConfigServiceImpl - 发布刷新OSS配置 => qcloud
2022-05-01 22:11:34 [main] INFO  com.fzshuai.oss.factory.OssFactory - 初始化OSS工厂
2022-05-01 22:11:34 [main] INFO  c.f.s.runner.SystemApplicationRunner - 初始化OSS配置成功
2022-05-01 22:11:34 [main] INFO  c.f.s.runner.SystemApplicationRunner - 加载参数缓存数据成功
2022-05-01 22:11:34 [main] INFO  c.f.s.runner.SystemApplicationRunner - 加载字典缓存数据成功
2022-05-01 22:11:35 [RMI TCP Connection(1)-172.36.137.210] INFO  io.undertow.servlet - Initializing Spring DispatcherServlet 'dispatcherServlet'
2022-05-01 22:15:40 [SpringApplicationShutdownHook] INFO  io.undertow - stopping server: Undertow - 2.2.17.Final
2022-05-01 22:15:40 [SpringApplicationShutdownHook] INFO  io.undertow.servlet - Destroying Spring FrameworkServlet 'dispatcherServlet'
2022-05-01 22:15:40 [SpringApplicationShutdownHook] INFO  c.f.f.manager.ShutdownManager - ====关闭后台任务任务线程池====
2022-05-01 22:15:40 [SpringApplicationShutdownHook] INFO  c.b.d.d.DynamicRoutingDataSource - dynamic-datasource start closing ....
2022-05-01 22:15:40 [SpringApplicationShutdownHook] INFO  c.alibaba.druid.pool.DruidDataSource - {dataSource-0} closing ...
2022-05-01 22:15:40 [SpringApplicationShutdownHook] INFO  c.alibaba.druid.pool.DruidDataSource - {dataSource-1} closing ...
2022-05-01 22:15:40 [SpringApplicationShutdownHook] INFO  c.alibaba.druid.pool.DruidDataSource - {dataSource-1} closed
2022-05-01 22:15:40 [SpringApplicationShutdownHook] INFO  c.b.d.d.DynamicRoutingDataSource - dynamic-datasource all closed success,bye
2022-05-01 22:15:59 [main] INFO  com.fzshuai.OloasApplication - Starting OloasApplication using Java 1.8.0_311 on FZSHUAI with PID 3296 (F:\Idea Project\oloas-back\oloas-admin\target\classes started by fzshuai in F:\Idea Project\oloas-back)
2022-05-01 22:15:59 [background-preinit] INFO  o.h.validator.internal.util.Version - HV000001: Hibernate Validator 6.2.3.Final
2022-05-01 22:15:59 [main] INFO  com.fzshuai.OloasApplication - The following 1 profile is active: "dev"
2022-05-01 22:16:01 [main] INFO  org.redisson.Version - Redisson 3.16.8
2022-05-01 22:16:02 [redisson-netty-2-7] INFO  o.r.c.pool.MasterConnectionPool - 8 connections initialized for 192.168.75.128/192.168.75.128:6379
2022-05-01 22:16:02 [redisson-netty-2-3] INFO  o.r.c.p.MasterPubSubConnectionPool - 1 connections initialized for 192.168.75.128/192.168.75.128:6379
2022-05-01 22:16:02 [main] INFO  c.f.framework.config.RedisConfig - 初始化 redis 配置
2022-05-01 22:16:02 [main] INFO  io.undertow.servlet - Initializing Spring embedded WebApplicationContext
2022-05-01 22:16:03 [main] INFO  c.b.d.d.DynamicRoutingDataSource - dynamic-datasource detect P6SPY plugin and enabled it
2022-05-01 22:16:04 [main] INFO  c.alibaba.druid.pool.DruidDataSource - {dataSource-1,master} inited
2022-05-01 22:16:04 [main] INFO  c.b.d.d.DynamicRoutingDataSource - dynamic-datasource - add a datasource named [slave] success
2022-05-01 22:16:04 [main] INFO  c.b.d.d.DynamicRoutingDataSource - dynamic-datasource - add a datasource named [master] success
2022-05-01 22:16:04 [main] INFO  c.b.d.d.DynamicRoutingDataSource - dynamic-datasource initial loaded [2] datasource,primary datasource named [master]
2022-05-01 22:16:05 [main] INFO  o.f.s.b.e.EventRegistryAutoConfiguration - No deployment resources were found for autodeployment
2022-05-01 22:16:05 [main] INFO  c.f.framework.config.JacksonConfig - 初始化 jackson 配置
2022-05-01 22:16:06 [main] INFO  o.f.s.b.ProcessEngineAutoConfiguration - No deployment resources were found for autodeployment
2022-05-01 22:16:06 [main] INFO  o.f.s.SpringProcessEngineConfiguration - Found 1 Engine Configurators in total:
2022-05-01 22:16:06 [main] INFO  o.f.s.SpringProcessEngineConfiguration - class org.flowable.eventregistry.spring.configurator.SpringEventRegistryConfigurator (priority:100000)
2022-05-01 22:16:06 [main] INFO  o.f.s.SpringProcessEngineConfiguration - Executing beforeInit() of class org.flowable.eventregistry.spring.configurator.SpringEventRegistryConfigurator (priority:100000)
2022-05-01 22:16:07 [main] INFO  o.f.s.SpringProcessEngineConfiguration - Executing configure() of class org.flowable.eventregistry.spring.configurator.SpringEventRegistryConfigurator (priority:100000)
2022-05-01 22:16:07 [main] INFO  liquibase.lockservice - Successfully acquired change log lock
2022-05-01 22:16:08 [main] INFO  liquibase.changelog - Reading from oloas_fzs.FLW_EV_DATABASECHANGELOG
2022-05-01 22:16:08 [main] INFO  liquibase.lockservice - Successfully released change log lock
2022-05-01 22:16:08 [main] INFO  o.f.e.impl.EventRegistryEngineImpl - EventRegistryEngine default created
2022-05-01 22:16:08 [main] INFO  o.f.engine.impl.ProcessEngineImpl - ProcessEngine default created
2022-05-01 22:16:08 [main] INFO  o.f.e.impl.cmd.ValidateV5EntitiesCmd - Total of v5 deployments found: 0
2022-05-01 22:16:09 [main] INFO  io.undertow - starting server: Undertow - 2.2.17.Final
2022-05-01 22:16:09 [main] INFO  org.xnio - XNIO version 3.8.6.Final
2022-05-01 22:16:09 [main] INFO  org.xnio.nio - XNIO NIO Implementation Version 3.8.6.Final
2022-05-01 22:16:09 [main] INFO  org.jboss.threads - JBoss Threads version 3.1.0.Final
2022-05-01 22:16:10 [main] INFO  com.fzshuai.OloasApplication - Started OloasApplication in 11.354 seconds (JVM running for 12.161)
2022-05-01 22:16:10 [main] INFO  c.f.s.s.impl.SysOssConfigServiceImpl - 发布刷新OSS配置 => minio
2022-05-01 22:16:10 [main] INFO  c.f.s.s.impl.SysOssConfigServiceImpl - 发布刷新OSS配置 => qiniu
2022-05-01 22:16:10 [main] INFO  c.f.s.s.impl.SysOssConfigServiceImpl - 发布刷新OSS配置 => aliyun
2022-05-01 22:16:10 [main] INFO  c.f.s.s.impl.SysOssConfigServiceImpl - 发布刷新OSS配置 => qcloud
2022-05-01 22:16:10 [main] INFO  com.fzshuai.oss.factory.OssFactory - 初始化OSS工厂
2022-05-01 22:16:10 [main] INFO  c.f.s.runner.SystemApplicationRunner - 初始化OSS配置成功
2022-05-01 22:16:10 [main] INFO  c.f.s.runner.SystemApplicationRunner - 加载参数缓存数据成功
2022-05-01 22:16:11 [main] INFO  c.f.s.runner.SystemApplicationRunner - 加载字典缓存数据成功
2022-05-01 22:16:11 [RMI TCP Connection(1)-172.36.137.210] INFO  io.undertow.servlet - Initializing Spring DispatcherServlet 'dispatcherServlet'
2022-05-01 22:17:13 [XNIO-1 task-1] INFO  c.f.f.listener.UserActionListener - <0><1520769311466921984> user doLogout, useId:sys_user:1, token:eyJ0eXAiOiJKV1QiLCJhbGciOiJIUzI1NiJ9.eyJsb2dpbklkIjoic3lzX3VzZXI6MSIsInJuIjoibnhpQ2t6dE1nS3JWQ0I2N0xiUEFxTUQxN1pZRlRwYjQifQ.ZDMO4XATQorp3vwaZ36Y9vxYe-vLfZwzA8eOAJFzOug
2022-05-01 22:17:17 [XNIO-1 task-1] INFO  c.f.f.listener.UserActionListener - <0><1520769327036178432> user doLogin, useId:sys_user:1, token:eyJ0eXAiOiJKV1QiLCJhbGciOiJIUzI1NiJ9.eyJsb2dpbklkIjoic3lzX3VzZXI6MSIsInJuIjoiZEhNNnF6UkpLekN1dVVRakl0UWNzdkpSU0QyV1lRUmoifQ.sZMpXzbTVodxh0MmbbX7MWwfcrCMykdou-2oPRiN_HI
2022-05-01 22:17:17 [schedule-pool-1] INFO  c.f.s.s.i.SysLogininforServiceImpl - <0><1520769327036178432> [127.0.0.1]内网IP[admin][Success][登录成功]
