2022-05-04 19:46:58 [main] INFO  com.fzshuai.OloasApplication - Starting OloasApplication using Java 1.8.0_311 on FZSHUAI with PID 23504 (F:\Idea Project\oloas-back\oloas-admin\target\classes started by fzshuai in F:\Idea Project\oloas-back)
2022-05-04 19:46:58 [background-preinit] INFO  o.h.validator.internal.util.Version - HV000001: Hibernate Validator 6.2.3.Final
2022-05-04 19:46:58 [main] INFO  com.fzshuai.OloasApplication - The following 1 profile is active: "dev"
2022-05-04 19:47:00 [main] INFO  org.redisson.Version - Redisson 3.16.8
2022-05-04 19:47:01 [redisson-netty-2-7] INFO  o.r.c.p.MasterPubSubConnectionPool - 1 connections initialized for 192.168.75.128/192.168.75.128:6379
2022-05-04 19:47:02 [redisson-netty-2-8] INFO  o.r.c.pool.MasterConnectionPool - 8 connections initialized for 192.168.75.128/192.168.75.128:6379
2022-05-04 19:47:02 [main] INFO  c.f.framework.config.RedisConfig - 初始化 redis 配置
2022-05-04 19:47:03 [main] INFO  io.undertow.servlet - Initializing Spring embedded WebApplicationContext
2022-05-04 19:47:03 [main] INFO  c.b.d.d.DynamicRoutingDataSource - dynamic-datasource detect P6SPY plugin and enabled it
2022-05-04 19:47:04 [main] INFO  c.alibaba.druid.pool.DruidDataSource - {dataSource-1,master} inited
2022-05-04 19:47:04 [main] INFO  c.b.d.d.DynamicRoutingDataSource - dynamic-datasource - add a datasource named [slave] success
2022-05-04 19:47:04 [main] INFO  c.b.d.d.DynamicRoutingDataSource - dynamic-datasource - add a datasource named [master] success
2022-05-04 19:47:04 [main] INFO  c.b.d.d.DynamicRoutingDataSource - dynamic-datasource initial loaded [2] datasource,primary datasource named [master]
2022-05-04 19:47:06 [main] INFO  o.f.s.b.e.EventRegistryAutoConfiguration - No deployment resources were found for autodeployment
2022-05-04 19:47:06 [main] INFO  c.f.framework.config.JacksonConfig - 初始化 jackson 配置
2022-05-04 19:47:06 [main] INFO  o.f.s.b.ProcessEngineAutoConfiguration - No deployment resources were found for autodeployment
2022-05-04 19:47:06 [main] INFO  o.f.s.SpringProcessEngineConfiguration - Found 1 Engine Configurators in total:
2022-05-04 19:47:06 [main] INFO  o.f.s.SpringProcessEngineConfiguration - class org.flowable.eventregistry.spring.configurator.SpringEventRegistryConfigurator (priority:100000)
2022-05-04 19:47:06 [main] INFO  o.f.s.SpringProcessEngineConfiguration - Executing beforeInit() of class org.flowable.eventregistry.spring.configurator.SpringEventRegistryConfigurator (priority:100000)
2022-05-04 19:47:07 [main] INFO  o.f.s.SpringProcessEngineConfiguration - Executing configure() of class org.flowable.eventregistry.spring.configurator.SpringEventRegistryConfigurator (priority:100000)
2022-05-04 19:47:08 [main] INFO  liquibase.lockservice - Successfully acquired change log lock
2022-05-04 19:47:08 [main] INFO  liquibase.changelog - Reading from oloas_fzs.FLW_EV_DATABASECHANGELOG
2022-05-04 19:47:08 [main] INFO  liquibase.lockservice - Successfully released change log lock
2022-05-04 19:47:08 [main] INFO  o.f.e.impl.EventRegistryEngineImpl - EventRegistryEngine default created
2022-05-04 19:47:08 [main] INFO  o.f.engine.impl.ProcessEngineImpl - ProcessEngine default created
2022-05-04 19:47:08 [main] INFO  o.f.e.impl.cmd.ValidateV5EntitiesCmd - Total of v5 deployments found: 0
2022-05-04 19:47:10 [main] INFO  io.undertow - starting server: Undertow - 2.2.17.Final
2022-05-04 19:47:10 [main] INFO  org.xnio - XNIO version 3.8.6.Final
2022-05-04 19:47:10 [main] INFO  org.xnio.nio - XNIO NIO Implementation Version 3.8.6.Final
2022-05-04 19:47:10 [main] INFO  org.jboss.threads - JBoss Threads version 3.1.0.Final
2022-05-04 19:47:11 [main] INFO  com.fzshuai.OloasApplication - Started OloasApplication in 13.722 seconds (JVM running for 14.858)
2022-05-04 19:47:11 [main] INFO  c.f.s.s.impl.SysOssConfigServiceImpl - 发布刷新OSS配置 => minio
2022-05-04 19:47:11 [main] INFO  c.f.s.s.impl.SysOssConfigServiceImpl - 发布刷新OSS配置 => qiniu
2022-05-04 19:47:11 [main] INFO  c.f.s.s.impl.SysOssConfigServiceImpl - 发布刷新OSS配置 => aliyun
2022-05-04 19:47:11 [main] INFO  c.f.s.s.impl.SysOssConfigServiceImpl - 发布刷新OSS配置 => qcloud
2022-05-04 19:47:11 [main] INFO  com.fzshuai.oss.factory.OssFactory - 初始化OSS工厂
2022-05-04 19:47:11 [main] INFO  c.f.s.runner.SystemApplicationRunner - 初始化OSS配置成功
2022-05-04 19:47:11 [main] INFO  c.f.s.runner.SystemApplicationRunner - 加载参数缓存数据成功
2022-05-04 19:47:11 [main] INFO  c.f.s.runner.SystemApplicationRunner - 加载字典缓存数据成功
2022-05-04 19:47:11 [RMI TCP Connection(3)-172.36.137.210] INFO  io.undertow.servlet - Initializing Spring DispatcherServlet 'dispatcherServlet'
2022-05-04 19:47:49 [XNIO-1 task-1] INFO  c.f.f.listener.UserActionListener - <0><1521818878333427712> user doLogin, useId:sys_user:1, token:eyJ0eXAiOiJKV1QiLCJhbGciOiJIUzI1NiJ9.eyJsb2dpbklkIjoic3lzX3VzZXI6MSIsInJuIjoiWnJVWFhISWlvMUdUVXZRdWE5V3RIUW9rSEFQeUpxN2gifQ.ZdwFAyaHDNB6rDN-nOUlGKXn-HGDiuVLUJg2f7GYZgM
2022-05-04 19:47:49 [schedule-pool-1] INFO  c.f.s.s.i.SysLogininforServiceImpl - <0><1521818878333427712> [127.0.0.1]内网IP[admin][Success][登录成功]
2022-05-04 19:47:59 [XNIO-1 task-6] INFO  c.f.f.listener.UserActionListener - <0><1521818919106256896> user doLogout, useId:sys_user:1, token:eyJ0eXAiOiJKV1QiLCJhbGciOiJIUzI1NiJ9.eyJsb2dpbklkIjoic3lzX3VzZXI6MSIsInJuIjoiWnJVWFhISWlvMUdUVXZRdWE5V3RIUW9rSEFQeUpxN2gifQ.ZdwFAyaHDNB6rDN-nOUlGKXn-HGDiuVLUJg2f7GYZgM
2022-05-04 19:50:37 [schedule-pool-1] INFO  c.f.s.s.i.SysLogininforServiceImpl - <0><1521818878333427712> [127.0.0.1]内网IP[admin][Error][验证码已失效]
2022-05-04 19:50:42 [XNIO-1 task-6] INFO  c.f.f.listener.UserActionListener - <0><1521819603817996288> user doLogin, useId:sys_user:1, token:eyJ0eXAiOiJKV1QiLCJhbGciOiJIUzI1NiJ9.eyJsb2dpbklkIjoic3lzX3VzZXI6MSIsInJuIjoiZXVRQ1lNWk9sYTB4MnZtTnZDQ3lRaDFjRmtSa1dOeWkifQ.EsiMMG2c2-vUaURpdLuljt8G1h1UWw87TgRF3yFqufk
2022-05-04 19:50:42 [schedule-pool-2] INFO  c.f.s.s.i.SysLogininforServiceImpl - <0><1521819585660854272> [127.0.0.1]内网IP[admin][Success][登录成功]
2022-05-04 20:33:54 [SpringApplicationShutdownHook] INFO  io.undertow - stopping server: Undertow - 2.2.17.Final
2022-05-04 20:33:54 [SpringApplicationShutdownHook] INFO  io.undertow.servlet - Destroying Spring FrameworkServlet 'dispatcherServlet'
2022-05-04 20:33:54 [SpringApplicationShutdownHook] INFO  c.f.f.manager.ShutdownManager - ====关闭后台任务任务线程池====
2022-05-04 20:33:54 [SpringApplicationShutdownHook] INFO  c.b.d.d.DynamicRoutingDataSource - dynamic-datasource start closing ....
2022-05-04 20:33:54 [SpringApplicationShutdownHook] INFO  c.alibaba.druid.pool.DruidDataSource - {dataSource-0} closing ...
2022-05-04 20:33:54 [SpringApplicationShutdownHook] INFO  c.alibaba.druid.pool.DruidDataSource - {dataSource-1} closing ...
2022-05-04 20:33:54 [SpringApplicationShutdownHook] INFO  c.alibaba.druid.pool.DruidDataSource - {dataSource-1} closed
2022-05-04 20:33:54 [SpringApplicationShutdownHook] INFO  c.b.d.d.DynamicRoutingDataSource - dynamic-datasource all closed success,bye
2022-05-04 20:34:31 [main] INFO  com.fzshuai.OloasApplication - Starting OloasApplication using Java 1.8.0_311 on FZSHUAI with PID 7868 (F:\Idea Project\oloas-back\oloas-admin\target\classes started by fzshuai in F:\Idea Project\oloas-back)
2022-05-04 20:34:31 [background-preinit] INFO  o.h.validator.internal.util.Version - HV000001: Hibernate Validator 6.2.3.Final
2022-05-04 20:34:31 [main] INFO  com.fzshuai.OloasApplication - The following 1 profile is active: "dev"
2022-05-04 20:34:33 [main] INFO  org.redisson.Version - Redisson 3.16.8
2022-05-04 20:34:33 [redisson-netty-2-6] INFO  o.r.c.pool.MasterConnectionPool - 8 connections initialized for 192.168.75.128/192.168.75.128:6379
2022-05-04 20:34:33 [redisson-netty-2-3] INFO  o.r.c.p.MasterPubSubConnectionPool - 1 connections initialized for 192.168.75.128/192.168.75.128:6379
2022-05-04 20:34:33 [main] INFO  c.f.framework.config.RedisConfig - 初始化 redis 配置
2022-05-04 20:34:34 [main] INFO  io.undertow.servlet - Initializing Spring embedded WebApplicationContext
2022-05-04 20:34:34 [main] INFO  c.b.d.d.DynamicRoutingDataSource - dynamic-datasource detect P6SPY plugin and enabled it
2022-05-04 20:34:35 [main] INFO  c.alibaba.druid.pool.DruidDataSource - {dataSource-1,master} inited
2022-05-04 20:34:35 [main] INFO  c.b.d.d.DynamicRoutingDataSource - dynamic-datasource - add a datasource named [slave] success
2022-05-04 20:34:35 [main] INFO  c.b.d.d.DynamicRoutingDataSource - dynamic-datasource - add a datasource named [master] success
2022-05-04 20:34:35 [main] INFO  c.b.d.d.DynamicRoutingDataSource - dynamic-datasource initial loaded [2] datasource,primary datasource named [master]
2022-05-04 20:34:36 [main] INFO  o.f.s.b.e.EventRegistryAutoConfiguration - No deployment resources were found for autodeployment
2022-05-04 20:34:36 [main] INFO  c.f.framework.config.JacksonConfig - 初始化 jackson 配置
2022-05-04 20:34:36 [main] INFO  o.f.s.b.ProcessEngineAutoConfiguration - No deployment resources were found for autodeployment
2022-05-04 20:34:37 [main] INFO  o.f.s.SpringProcessEngineConfiguration - Found 1 Engine Configurators in total:
2022-05-04 20:34:37 [main] INFO  o.f.s.SpringProcessEngineConfiguration - class org.flowable.eventregistry.spring.configurator.SpringEventRegistryConfigurator (priority:100000)
2022-05-04 20:34:37 [main] INFO  o.f.s.SpringProcessEngineConfiguration - Executing beforeInit() of class org.flowable.eventregistry.spring.configurator.SpringEventRegistryConfigurator (priority:100000)
2022-05-04 20:34:37 [main] INFO  o.f.s.SpringProcessEngineConfiguration - Executing configure() of class org.flowable.eventregistry.spring.configurator.SpringEventRegistryConfigurator (priority:100000)
2022-05-04 20:34:38 [main] INFO  liquibase.lockservice - Successfully acquired change log lock
2022-05-04 20:34:38 [main] INFO  liquibase.changelog - Reading from oloas_fzs.FLW_EV_DATABASECHANGELOG
2022-05-04 20:34:38 [main] INFO  liquibase.lockservice - Successfully released change log lock
2022-05-04 20:34:38 [main] INFO  o.f.e.impl.EventRegistryEngineImpl - EventRegistryEngine default created
2022-05-04 20:34:38 [main] INFO  o.f.engine.impl.ProcessEngineImpl - ProcessEngine default created
2022-05-04 20:34:38 [main] INFO  o.f.e.impl.cmd.ValidateV5EntitiesCmd - Total of v5 deployments found: 0
2022-05-04 20:34:40 [main] INFO  io.undertow - starting server: Undertow - 2.2.17.Final
2022-05-04 20:34:40 [main] INFO  org.xnio - XNIO version 3.8.6.Final
2022-05-04 20:34:40 [main] INFO  org.xnio.nio - XNIO NIO Implementation Version 3.8.6.Final
2022-05-04 20:34:40 [main] INFO  org.jboss.threads - JBoss Threads version 3.1.0.Final
2022-05-04 20:34:41 [main] INFO  com.fzshuai.OloasApplication - Started OloasApplication in 10.696 seconds (JVM running for 11.622)
2022-05-04 20:34:41 [main] INFO  c.f.s.s.impl.SysOssConfigServiceImpl - 发布刷新OSS配置 => minio
2022-05-04 20:34:41 [main] INFO  c.f.s.s.impl.SysOssConfigServiceImpl - 发布刷新OSS配置 => qiniu
2022-05-04 20:34:41 [main] INFO  c.f.s.s.impl.SysOssConfigServiceImpl - 发布刷新OSS配置 => aliyun
2022-05-04 20:34:41 [main] INFO  c.f.s.s.impl.SysOssConfigServiceImpl - 发布刷新OSS配置 => qcloud
2022-05-04 20:34:41 [main] INFO  com.fzshuai.oss.factory.OssFactory - 初始化OSS工厂
2022-05-04 20:34:41 [main] INFO  c.f.s.runner.SystemApplicationRunner - 初始化OSS配置成功
2022-05-04 20:34:41 [main] INFO  c.f.s.runner.SystemApplicationRunner - 加载参数缓存数据成功
2022-05-04 20:34:41 [main] INFO  c.f.s.runner.SystemApplicationRunner - 加载字典缓存数据成功
2022-05-04 20:34:42 [RMI TCP Connection(5)-172.36.137.210] INFO  io.undertow.servlet - Initializing Spring DispatcherServlet 'dispatcherServlet'
2022-05-04 20:46:01 [SpringApplicationShutdownHook] INFO  io.undertow - stopping server: Undertow - 2.2.17.Final
2022-05-04 20:46:01 [SpringApplicationShutdownHook] INFO  io.undertow.servlet - Destroying Spring FrameworkServlet 'dispatcherServlet'
2022-05-04 20:46:01 [SpringApplicationShutdownHook] INFO  c.f.f.manager.ShutdownManager - ====关闭后台任务任务线程池====
2022-05-04 20:46:01 [SpringApplicationShutdownHook] INFO  c.b.d.d.DynamicRoutingDataSource - dynamic-datasource start closing ....
2022-05-04 20:46:01 [SpringApplicationShutdownHook] INFO  c.alibaba.druid.pool.DruidDataSource - {dataSource-0} closing ...
2022-05-04 20:46:01 [SpringApplicationShutdownHook] INFO  c.alibaba.druid.pool.DruidDataSource - {dataSource-1} closing ...
2022-05-04 20:46:01 [SpringApplicationShutdownHook] INFO  c.alibaba.druid.pool.DruidDataSource - {dataSource-1} closed
2022-05-04 20:46:01 [SpringApplicationShutdownHook] INFO  c.b.d.d.DynamicRoutingDataSource - dynamic-datasource all closed success,bye
2022-05-04 21:31:25 [main] INFO  com.fzshuai.OloasApplication - Starting OloasApplication using Java 1.8.0_311 on FZSHUAI with PID 13492 (F:\Idea Project\oloas-back\oloas-admin\target\classes started by fzshuai in F:\Idea Project\oloas-back)
2022-05-04 21:31:25 [background-preinit] INFO  o.h.validator.internal.util.Version - HV000001: Hibernate Validator 6.2.3.Final
2022-05-04 21:31:25 [main] INFO  com.fzshuai.OloasApplication - The following 1 profile is active: "dev"
2022-05-04 21:31:27 [main] INFO  org.redisson.Version - Redisson 3.16.8
2022-05-04 21:32:27 [main] INFO  com.fzshuai.OloasApplication - Starting OloasApplication using Java 1.8.0_311 on FZSHUAI with PID 16164 (F:\Idea Project\oloas-back\oloas-admin\target\classes started by fzshuai in F:\Idea Project\oloas-back)
2022-05-04 21:32:27 [background-preinit] INFO  o.h.validator.internal.util.Version - HV000001: Hibernate Validator 6.2.3.Final
2022-05-04 21:32:27 [main] INFO  com.fzshuai.OloasApplication - The following 1 profile is active: "dev"
2022-05-04 21:32:29 [main] INFO  org.redisson.Version - Redisson 3.16.8
2022-05-04 21:32:30 [redisson-netty-2-2] INFO  o.r.c.pool.MasterConnectionPool - 8 connections initialized for 192.168.75.128/192.168.75.128:6379
2022-05-04 21:32:30 [redisson-netty-2-3] INFO  o.r.c.p.MasterPubSubConnectionPool - 1 connections initialized for 192.168.75.128/192.168.75.128:6379
2022-05-04 21:32:30 [main] INFO  c.f.framework.config.RedisConfig - 初始化 redis 配置
2022-05-04 21:32:30 [main] INFO  io.undertow.servlet - Initializing Spring embedded WebApplicationContext
2022-05-04 21:32:30 [main] INFO  c.b.d.d.DynamicRoutingDataSource - dynamic-datasource detect P6SPY plugin and enabled it
2022-05-04 21:32:31 [main] INFO  c.alibaba.druid.pool.DruidDataSource - {dataSource-1,master} inited
2022-05-04 21:32:31 [main] INFO  c.b.d.d.DynamicRoutingDataSource - dynamic-datasource - add a datasource named [slave] success
2022-05-04 21:32:31 [main] INFO  c.b.d.d.DynamicRoutingDataSource - dynamic-datasource - add a datasource named [master] success
2022-05-04 21:32:31 [main] INFO  c.b.d.d.DynamicRoutingDataSource - dynamic-datasource initial loaded [2] datasource,primary datasource named [master]
2022-05-04 21:32:32 [main] INFO  o.f.s.b.e.EventRegistryAutoConfiguration - No deployment resources were found for autodeployment
2022-05-04 21:32:33 [main] INFO  c.f.framework.config.JacksonConfig - 初始化 jackson 配置
2022-05-04 21:32:33 [main] INFO  o.f.s.b.ProcessEngineAutoConfiguration - No deployment resources were found for autodeployment
2022-05-04 21:32:33 [main] INFO  o.f.s.SpringProcessEngineConfiguration - Found 1 Engine Configurators in total:
2022-05-04 21:32:33 [main] INFO  o.f.s.SpringProcessEngineConfiguration - class org.flowable.eventregistry.spring.configurator.SpringEventRegistryConfigurator (priority:100000)
2022-05-04 21:32:33 [main] INFO  o.f.s.SpringProcessEngineConfiguration - Executing beforeInit() of class org.flowable.eventregistry.spring.configurator.SpringEventRegistryConfigurator (priority:100000)
2022-05-04 21:32:34 [main] INFO  o.f.s.SpringProcessEngineConfiguration - Executing configure() of class org.flowable.eventregistry.spring.configurator.SpringEventRegistryConfigurator (priority:100000)
2022-05-04 21:32:34 [main] INFO  liquibase.lockservice - Successfully acquired change log lock
2022-05-04 21:32:34 [main] INFO  liquibase.changelog - Reading from oloas_fzs.FLW_EV_DATABASECHANGELOG
2022-05-04 21:32:34 [main] INFO  liquibase.lockservice - Successfully released change log lock
2022-05-04 21:32:34 [main] INFO  o.f.e.impl.EventRegistryEngineImpl - EventRegistryEngine default created
2022-05-04 21:32:35 [main] INFO  o.f.engine.impl.ProcessEngineImpl - ProcessEngine default created
2022-05-04 21:32:35 [main] INFO  o.f.e.impl.cmd.ValidateV5EntitiesCmd - Total of v5 deployments found: 0
2022-05-04 21:32:36 [main] INFO  io.undertow - starting server: Undertow - 2.2.17.Final
2022-05-04 21:32:36 [main] INFO  org.xnio - XNIO version 3.8.6.Final
2022-05-04 21:32:36 [main] INFO  org.xnio.nio - XNIO NIO Implementation Version 3.8.6.Final
2022-05-04 21:32:36 [main] INFO  org.jboss.threads - JBoss Threads version 3.1.0.Final
2022-05-04 21:32:37 [main] INFO  com.fzshuai.OloasApplication - Started OloasApplication in 10.08 seconds (JVM running for 10.844)
2022-05-04 21:32:37 [main] INFO  c.f.s.s.impl.SysOssConfigServiceImpl - 发布刷新OSS配置 => minio
2022-05-04 21:32:37 [main] INFO  c.f.s.s.impl.SysOssConfigServiceImpl - 发布刷新OSS配置 => qiniu
2022-05-04 21:32:37 [main] INFO  c.f.s.s.impl.SysOssConfigServiceImpl - 发布刷新OSS配置 => aliyun
2022-05-04 21:32:37 [main] INFO  c.f.s.s.impl.SysOssConfigServiceImpl - 发布刷新OSS配置 => qcloud
2022-05-04 21:32:37 [main] INFO  com.fzshuai.oss.factory.OssFactory - 初始化OSS工厂
2022-05-04 21:32:37 [main] INFO  c.f.s.runner.SystemApplicationRunner - 初始化OSS配置成功
2022-05-04 21:32:37 [main] INFO  c.f.s.runner.SystemApplicationRunner - 加载参数缓存数据成功
2022-05-04 21:32:37 [main] INFO  c.f.s.runner.SystemApplicationRunner - 加载字典缓存数据成功
2022-05-04 21:32:37 [RMI TCP Connection(1)-172.36.137.210] INFO  io.undertow.servlet - Initializing Spring DispatcherServlet 'dispatcherServlet'
2022-05-04 21:38:31 [XNIO-1 task-1] INFO  c.f.f.listener.UserActionListener - <0><1521846734837071872> user doLogin, useId:sys_user:1, token:eyJ0eXAiOiJKV1QiLCJhbGciOiJIUzI1NiJ9.eyJsb2dpbklkIjoic3lzX3VzZXI6MSIsInJuIjoiY0hUelV5UTVKZGd2SzdsZFduUWVVQjZKU2lZOGQySTcifQ.z5cpGpXXuCJH7iYEfQWQlGgzEu_Mr-1xVNPAPH2NNMk
2022-05-04 21:38:31 [schedule-pool-1] INFO  c.f.s.s.i.SysLogininforServiceImpl - <0><1521846734837071872> [127.0.0.1]内网IP[admin][Success][登录成功]
