2022-04-22 22:43:44 [main] INFO  com.fzshuai.OloasApplication - Starting OloasApplication using Java 1.8.0_311 on FZSHUAI with PID 17660 (F:\Idea Project\oloas-back\oloas-admin\target\classes started by fzshuai in F:\Idea Project\oloas-back)
2022-04-22 22:43:44 [background-preinit] INFO  o.h.validator.internal.util.Version - HV000001: Hibernate Validator 6.2.2.Final
2022-04-22 22:43:44 [main] INFO  com.fzshuai.OloasApplication - The following 1 profile is active: "dev"
2022-04-22 22:43:47 [main] INFO  org.redisson.Version - Redisson 3.16.8
2022-04-22 22:43:48 [redisson-netty-2-8] INFO  o.r.c.p.MasterPubSubConnectionPool - 1 connections initialized for 192.168.75.128/192.168.75.128:6379
2022-04-22 22:43:49 [redisson-netty-2-3] INFO  o.r.c.pool.MasterConnectionPool - 8 connections initialized for 192.168.75.128/192.168.75.128:6379
2022-04-22 22:43:49 [main] INFO  c.f.framework.config.RedisConfig - 初始化 redis 配置
2022-04-22 22:43:49 [main] INFO  io.undertow.servlet - Initializing Spring embedded WebApplicationContext
2022-04-22 22:43:50 [main] INFO  c.b.d.d.DynamicRoutingDataSource - dynamic-datasource detect P6SPY plugin and enabled it
2022-04-22 22:43:51 [main] INFO  c.alibaba.druid.pool.DruidDataSource - {dataSource-1,master} inited
2022-04-22 22:43:51 [main] INFO  c.b.d.d.DynamicRoutingDataSource - dynamic-datasource - add a datasource named [slave] success
2022-04-22 22:43:51 [main] INFO  c.b.d.d.DynamicRoutingDataSource - dynamic-datasource - add a datasource named [master] success
2022-04-22 22:43:51 [main] INFO  c.b.d.d.DynamicRoutingDataSource - dynamic-datasource initial loaded [2] datasource,primary datasource named [master]
2022-04-22 22:43:54 [main] INFO  o.f.s.b.e.EventRegistryAutoConfiguration - No deployment resources were found for autodeployment
2022-04-22 22:43:54 [main] INFO  c.f.framework.config.JacksonConfig - 初始化 jackson 配置
2022-04-22 22:43:54 [main] INFO  o.f.s.b.ProcessEngineAutoConfiguration - No deployment resources were found for autodeployment
2022-04-22 22:43:54 [main] INFO  o.f.s.SpringProcessEngineConfiguration - Found 1 Engine Configurators in total:
2022-04-22 22:43:54 [main] INFO  o.f.s.SpringProcessEngineConfiguration - class org.flowable.eventregistry.spring.configurator.SpringEventRegistryConfigurator (priority:100000)
2022-04-22 22:43:54 [main] INFO  o.f.s.SpringProcessEngineConfiguration - Executing beforeInit() of class org.flowable.eventregistry.spring.configurator.SpringEventRegistryConfigurator (priority:100000)
2022-04-22 22:43:55 [main] INFO  o.f.s.SpringProcessEngineConfiguration - Executing configure() of class org.flowable.eventregistry.spring.configurator.SpringEventRegistryConfigurator (priority:100000)
2022-04-22 22:43:56 [main] INFO  liquibase.lockservice - Successfully acquired change log lock
2022-04-22 22:43:57 [main] INFO  liquibase.changelog - Reading from oloas_fzs.FLW_EV_DATABASECHANGELOG
2022-04-22 22:43:57 [main] INFO  liquibase.lockservice - Successfully released change log lock
2022-04-22 22:43:57 [main] INFO  o.f.e.impl.EventRegistryEngineImpl - EventRegistryEngine default created
2022-04-22 22:43:57 [main] INFO  o.f.engine.impl.ProcessEngineImpl - ProcessEngine default created
2022-04-22 22:43:57 [main] INFO  o.f.e.impl.cmd.ValidateV5EntitiesCmd - Total of v5 deployments found: 0
2022-04-22 22:43:59 [main] INFO  io.undertow - starting server: Undertow - 2.2.16.Final
2022-04-22 22:43:59 [main] INFO  org.xnio - XNIO version 3.8.6.Final
2022-04-22 22:43:59 [main] INFO  org.xnio.nio - XNIO NIO Implementation Version 3.8.6.Final
2022-04-22 22:43:59 [main] INFO  org.jboss.threads - JBoss Threads version 3.1.0.Final
2022-04-22 22:44:00 [main] INFO  com.fzshuai.OloasApplication - Started OloasApplication in 16.777 seconds (JVM running for 18.271)
2022-04-22 22:44:00 [main] INFO  c.f.s.s.impl.SysOssConfigServiceImpl - 发布刷新OSS配置 => minio
2022-04-22 22:44:00 [main] INFO  c.f.s.s.impl.SysOssConfigServiceImpl - 发布刷新OSS配置 => qiniu
2022-04-22 22:44:00 [main] INFO  c.f.s.s.impl.SysOssConfigServiceImpl - 发布刷新OSS配置 => aliyun
2022-04-22 22:44:00 [main] INFO  c.f.s.s.impl.SysOssConfigServiceImpl - 发布刷新OSS配置 => qcloud
2022-04-22 22:44:00 [main] INFO  com.fzshuai.oss.factory.OssFactory - 初始化OSS工厂
2022-04-22 22:44:00 [main] INFO  c.f.s.runner.SystemApplicationRunner - 初始化OSS配置成功
2022-04-22 22:44:00 [main] INFO  c.f.s.runner.SystemApplicationRunner - 加载参数缓存数据成功
2022-04-22 22:44:00 [main] INFO  c.f.s.runner.SystemApplicationRunner - 加载字典缓存数据成功
2022-04-22 22:44:00 [RMI TCP Connection(1)-192.168.75.1] INFO  io.undertow.servlet - Initializing Spring DispatcherServlet 'dispatcherServlet'
2022-04-22 22:47:05 [XNIO-1 task-1] INFO  c.f.f.listener.UserActionListener - <0><1517515335924817920> user doLogin, useId:sys_user:1, token:eyJ0eXAiOiJKV1QiLCJhbGciOiJIUzI1NiJ9.eyJsb2dpbklkIjoic3lzX3VzZXI6MSIsInJuIjoienRKTVN3dmFucnZ4ejBSQUtSWjdKTHRpS29QeUw2ZWwifQ.0sdFgcDYs1C2WNwQIZLN8PjF4DtxaN1A1zN9iNPs-HM
2022-04-22 22:47:06 [schedule-pool-1] INFO  c.f.s.s.i.SysLogininforServiceImpl - <0><1517515335924817920> [127.0.0.1]内网IP[admin][Success][登录成功]
2022-04-22 23:39:09 [SpringApplicationShutdownHook] INFO  io.undertow - stopping server: Undertow - 2.2.16.Final
2022-04-22 23:39:09 [SpringApplicationShutdownHook] INFO  io.undertow.servlet - Destroying Spring FrameworkServlet 'dispatcherServlet'
2022-04-22 23:39:09 [SpringApplicationShutdownHook] INFO  c.f.f.manager.ShutdownManager - ====关闭后台任务任务线程池====
2022-04-22 23:39:09 [SpringApplicationShutdownHook] INFO  c.b.d.d.DynamicRoutingDataSource - dynamic-datasource start closing ....
2022-04-22 23:39:09 [SpringApplicationShutdownHook] INFO  c.alibaba.druid.pool.DruidDataSource - {dataSource-0} closing ...
2022-04-22 23:39:09 [SpringApplicationShutdownHook] INFO  c.alibaba.druid.pool.DruidDataSource - {dataSource-1} closing ...
2022-04-22 23:39:09 [SpringApplicationShutdownHook] INFO  c.alibaba.druid.pool.DruidDataSource - {dataSource-1} closed
2022-04-22 23:39:09 [SpringApplicationShutdownHook] INFO  c.b.d.d.DynamicRoutingDataSource - dynamic-datasource all closed success,bye
2022-04-22 23:39:15 [main] INFO  com.fzshuai.OloasApplication - Starting OloasApplication using Java 1.8.0_311 on FZSHUAI with PID 7136 (F:\Idea Project\oloas-back\oloas-admin\target\classes started by fzshuai in F:\Idea Project\oloas-back)
2022-04-22 23:39:15 [background-preinit] INFO  o.h.validator.internal.util.Version - HV000001: Hibernate Validator 6.2.2.Final
2022-04-22 23:39:15 [main] INFO  com.fzshuai.OloasApplication - The following 1 profile is active: "dev"
2022-04-22 23:39:18 [main] INFO  org.redisson.Version - Redisson 3.16.8
2022-04-22 23:39:19 [redisson-netty-2-6] INFO  o.r.c.pool.MasterConnectionPool - 8 connections initialized for 192.168.75.128/192.168.75.128:6379
2022-04-22 23:39:19 [redisson-netty-2-3] INFO  o.r.c.p.MasterPubSubConnectionPool - 1 connections initialized for 192.168.75.128/192.168.75.128:6379
2022-04-22 23:39:19 [main] INFO  c.f.framework.config.RedisConfig - 初始化 redis 配置
2022-04-22 23:39:19 [main] INFO  io.undertow.servlet - Initializing Spring embedded WebApplicationContext
2022-04-22 23:39:20 [main] INFO  c.b.d.d.DynamicRoutingDataSource - dynamic-datasource detect P6SPY plugin and enabled it
2022-04-22 23:39:20 [main] INFO  c.alibaba.druid.pool.DruidDataSource - {dataSource-1,master} inited
2022-04-22 23:39:20 [main] INFO  c.b.d.d.DynamicRoutingDataSource - dynamic-datasource - add a datasource named [slave] success
2022-04-22 23:39:20 [main] INFO  c.b.d.d.DynamicRoutingDataSource - dynamic-datasource - add a datasource named [master] success
2022-04-22 23:39:20 [main] INFO  c.b.d.d.DynamicRoutingDataSource - dynamic-datasource initial loaded [2] datasource,primary datasource named [master]
2022-04-22 23:39:22 [main] INFO  o.f.s.b.e.EventRegistryAutoConfiguration - No deployment resources were found for autodeployment
2022-04-22 23:39:22 [main] INFO  c.f.framework.config.JacksonConfig - 初始化 jackson 配置
2022-04-22 23:39:22 [main] INFO  o.f.s.b.ProcessEngineAutoConfiguration - No deployment resources were found for autodeployment
2022-04-22 23:39:23 [main] INFO  o.f.s.SpringProcessEngineConfiguration - Found 1 Engine Configurators in total:
2022-04-22 23:39:23 [main] INFO  o.f.s.SpringProcessEngineConfiguration - class org.flowable.eventregistry.spring.configurator.SpringEventRegistryConfigurator (priority:100000)
2022-04-22 23:39:23 [main] INFO  o.f.s.SpringProcessEngineConfiguration - Executing beforeInit() of class org.flowable.eventregistry.spring.configurator.SpringEventRegistryConfigurator (priority:100000)
2022-04-22 23:39:24 [main] INFO  o.f.s.SpringProcessEngineConfiguration - Executing configure() of class org.flowable.eventregistry.spring.configurator.SpringEventRegistryConfigurator (priority:100000)
2022-04-22 23:39:24 [main] INFO  liquibase.lockservice - Successfully acquired change log lock
2022-04-22 23:39:25 [main] INFO  liquibase.changelog - Reading from oloas_fzs.FLW_EV_DATABASECHANGELOG
2022-04-22 23:39:25 [main] INFO  liquibase.lockservice - Successfully released change log lock
2022-04-22 23:39:25 [main] INFO  o.f.e.impl.EventRegistryEngineImpl - EventRegistryEngine default created
2022-04-22 23:39:25 [main] INFO  o.f.engine.impl.ProcessEngineImpl - ProcessEngine default created
2022-04-22 23:39:25 [main] INFO  o.f.e.impl.cmd.ValidateV5EntitiesCmd - Total of v5 deployments found: 0
2022-04-22 23:39:27 [main] INFO  io.undertow - starting server: Undertow - 2.2.16.Final
2022-04-22 23:39:27 [main] INFO  org.xnio - XNIO version 3.8.6.Final
2022-04-22 23:39:27 [main] INFO  org.xnio.nio - XNIO NIO Implementation Version 3.8.6.Final
2022-04-22 23:39:27 [main] INFO  org.jboss.threads - JBoss Threads version 3.1.0.Final
2022-04-22 23:39:28 [main] INFO  com.fzshuai.OloasApplication - Started OloasApplication in 12.708 seconds (JVM running for 14.036)
2022-04-22 23:39:28 [main] INFO  c.f.s.s.impl.SysOssConfigServiceImpl - 发布刷新OSS配置 => minio
2022-04-22 23:39:28 [main] INFO  c.f.s.s.impl.SysOssConfigServiceImpl - 发布刷新OSS配置 => qiniu
2022-04-22 23:39:28 [main] INFO  c.f.s.s.impl.SysOssConfigServiceImpl - 发布刷新OSS配置 => aliyun
2022-04-22 23:39:28 [main] INFO  c.f.s.s.impl.SysOssConfigServiceImpl - 发布刷新OSS配置 => qcloud
2022-04-22 23:39:28 [main] INFO  com.fzshuai.oss.factory.OssFactory - 初始化OSS工厂
2022-04-22 23:39:28 [main] INFO  c.f.s.runner.SystemApplicationRunner - 初始化OSS配置成功
2022-04-22 23:39:28 [main] INFO  c.f.s.runner.SystemApplicationRunner - 加载参数缓存数据成功
2022-04-22 23:39:28 [main] INFO  c.f.s.runner.SystemApplicationRunner - 加载字典缓存数据成功
2022-04-22 23:39:28 [RMI TCP Connection(1)-192.168.43.110] INFO  io.undertow.servlet - Initializing Spring DispatcherServlet 'dispatcherServlet'
2022-04-22 23:58:40 [SpringApplicationShutdownHook] INFO  io.undertow - stopping server: Undertow - 2.2.16.Final
2022-04-22 23:58:40 [SpringApplicationShutdownHook] INFO  io.undertow.servlet - Destroying Spring FrameworkServlet 'dispatcherServlet'
2022-04-22 23:58:40 [SpringApplicationShutdownHook] INFO  c.f.f.manager.ShutdownManager - ====关闭后台任务任务线程池====
2022-04-22 23:58:40 [SpringApplicationShutdownHook] INFO  c.b.d.d.DynamicRoutingDataSource - dynamic-datasource start closing ....
2022-04-22 23:58:40 [SpringApplicationShutdownHook] INFO  c.alibaba.druid.pool.DruidDataSource - {dataSource-0} closing ...
2022-04-22 23:58:40 [SpringApplicationShutdownHook] INFO  c.alibaba.druid.pool.DruidDataSource - {dataSource-1} closing ...
2022-04-22 23:58:40 [SpringApplicationShutdownHook] INFO  c.alibaba.druid.pool.DruidDataSource - {dataSource-1} closed
2022-04-22 23:58:40 [SpringApplicationShutdownHook] INFO  c.b.d.d.DynamicRoutingDataSource - dynamic-datasource all closed success,bye
2022-04-22 23:58:47 [main] INFO  com.fzshuai.OloasApplication - Starting OloasApplication using Java 1.8.0_311 on FZSHUAI with PID 18764 (F:\Idea Project\oloas-back\oloas-admin\target\classes started by fzshuai in F:\Idea Project\oloas-back)
2022-04-22 23:58:47 [background-preinit] INFO  o.h.validator.internal.util.Version - HV000001: Hibernate Validator 6.2.2.Final
2022-04-22 23:58:47 [main] INFO  com.fzshuai.OloasApplication - The following 1 profile is active: "dev"
2022-04-22 23:58:50 [main] INFO  org.redisson.Version - Redisson 3.16.8
2022-04-22 23:58:51 [redisson-netty-2-6] INFO  o.r.c.pool.MasterConnectionPool - 8 connections initialized for 192.168.75.128/192.168.75.128:6379
2022-04-22 23:58:51 [redisson-netty-2-3] INFO  o.r.c.p.MasterPubSubConnectionPool - 1 connections initialized for 192.168.75.128/192.168.75.128:6379
2022-04-22 23:58:51 [main] INFO  c.f.framework.config.RedisConfig - 初始化 redis 配置
2022-04-22 23:58:51 [main] INFO  io.undertow.servlet - Initializing Spring embedded WebApplicationContext
2022-04-22 23:58:52 [main] INFO  c.b.d.d.DynamicRoutingDataSource - dynamic-datasource detect P6SPY plugin and enabled it
2022-04-22 23:58:53 [main] INFO  c.alibaba.druid.pool.DruidDataSource - {dataSource-1,master} inited
2022-04-22 23:58:53 [main] INFO  c.b.d.d.DynamicRoutingDataSource - dynamic-datasource - add a datasource named [slave] success
2022-04-22 23:58:53 [main] INFO  c.b.d.d.DynamicRoutingDataSource - dynamic-datasource - add a datasource named [master] success
2022-04-22 23:58:53 [main] INFO  c.b.d.d.DynamicRoutingDataSource - dynamic-datasource initial loaded [2] datasource,primary datasource named [master]
2022-04-22 23:58:55 [main] INFO  o.f.s.b.e.EventRegistryAutoConfiguration - No deployment resources were found for autodeployment
2022-04-22 23:58:55 [main] INFO  c.f.framework.config.JacksonConfig - 初始化 jackson 配置
2022-04-22 23:58:55 [main] INFO  o.f.s.b.ProcessEngineAutoConfiguration - No deployment resources were found for autodeployment
2022-04-22 23:58:55 [main] INFO  o.f.s.SpringProcessEngineConfiguration - Found 1 Engine Configurators in total:
2022-04-22 23:58:55 [main] INFO  o.f.s.SpringProcessEngineConfiguration - class org.flowable.eventregistry.spring.configurator.SpringEventRegistryConfigurator (priority:100000)
2022-04-22 23:58:55 [main] INFO  o.f.s.SpringProcessEngineConfiguration - Executing beforeInit() of class org.flowable.eventregistry.spring.configurator.SpringEventRegistryConfigurator (priority:100000)
2022-04-22 23:58:56 [main] INFO  o.f.s.SpringProcessEngineConfiguration - Executing configure() of class org.flowable.eventregistry.spring.configurator.SpringEventRegistryConfigurator (priority:100000)
2022-04-22 23:58:56 [main] INFO  liquibase.lockservice - Successfully acquired change log lock
2022-04-22 23:58:57 [main] INFO  liquibase.changelog - Reading from oloas_fzs.FLW_EV_DATABASECHANGELOG
2022-04-22 23:58:57 [main] INFO  liquibase.lockservice - Successfully released change log lock
2022-04-22 23:58:57 [main] INFO  o.f.e.impl.EventRegistryEngineImpl - EventRegistryEngine default created
2022-04-22 23:58:57 [main] INFO  o.f.engine.impl.ProcessEngineImpl - ProcessEngine default created
2022-04-22 23:58:57 [main] INFO  o.f.e.impl.cmd.ValidateV5EntitiesCmd - Total of v5 deployments found: 0
2022-04-22 23:58:59 [main] INFO  io.undertow - starting server: Undertow - 2.2.16.Final
2022-04-22 23:58:59 [main] INFO  org.xnio - XNIO version 3.8.6.Final
2022-04-22 23:58:59 [main] INFO  org.xnio.nio - XNIO NIO Implementation Version 3.8.6.Final
2022-04-22 23:58:59 [main] INFO  org.jboss.threads - JBoss Threads version 3.1.0.Final
2022-04-22 23:59:00 [XNIO-1 task-1] INFO  io.undertow.servlet - Initializing Spring DispatcherServlet 'dispatcherServlet'
2022-04-22 23:59:00 [main] INFO  com.fzshuai.OloasApplication - Started OloasApplication in 13.46 seconds (JVM running for 14.707)
2022-04-22 23:59:00 [main] INFO  c.f.s.s.impl.SysOssConfigServiceImpl - 发布刷新OSS配置 => minio
2022-04-22 23:59:00 [main] INFO  c.f.s.s.impl.SysOssConfigServiceImpl - 发布刷新OSS配置 => qiniu
2022-04-22 23:59:00 [main] INFO  c.f.s.s.impl.SysOssConfigServiceImpl - 发布刷新OSS配置 => aliyun
2022-04-22 23:59:00 [main] INFO  c.f.s.s.impl.SysOssConfigServiceImpl - 发布刷新OSS配置 => qcloud
2022-04-22 23:59:00 [main] INFO  com.fzshuai.oss.factory.OssFactory - 初始化OSS工厂
2022-04-22 23:59:00 [main] INFO  c.f.s.runner.SystemApplicationRunner - 初始化OSS配置成功
2022-04-22 23:59:00 [main] INFO  c.f.s.runner.SystemApplicationRunner - 加载参数缓存数据成功
2022-04-22 23:59:00 [main] INFO  c.f.s.runner.SystemApplicationRunner - 加载字典缓存数据成功
