2022-05-28 17:06:29 [background-preinit] INFO  o.h.validator.internal.util.Version - HV000001: Hibernate Validator 6.2.3.Final
2022-05-28 17:06:29 [main] INFO  com.fzshuai.OloasApplication - Starting OloasApplication using Java 1.8.0_311 on FZSHUAI with PID 24152 (F:\Idea Project\oloas-back\oloas-admin\target\classes started by fzshuai in F:\Idea Project\oloas-back)
2022-05-28 17:06:29 [main] INFO  com.fzshuai.OloasApplication - The following 1 profile is active: "dev"
2022-05-28 17:06:30 [main] INFO  org.redisson.Version - Redisson 3.16.8
2022-05-28 17:06:31 [redisson-netty-2-4] INFO  o.r.c.pool.MasterConnectionPool - 8 connections initialized for 192.168.75.128/192.168.75.128:6379
2022-05-28 17:06:31 [redisson-netty-2-3] INFO  o.r.c.p.MasterPubSubConnectionPool - 1 connections initialized for 192.168.75.128/192.168.75.128:6379
2022-05-28 17:06:31 [main] INFO  c.f.framework.config.RedisConfig - 初始化 redis 配置
2022-05-28 17:06:32 [main] INFO  io.undertow.servlet - Initializing Spring embedded WebApplicationContext
2022-05-28 17:06:32 [main] INFO  c.b.d.d.DynamicRoutingDataSource - dynamic-datasource detect P6SPY plugin and enabled it
2022-05-28 17:06:33 [main] INFO  c.alibaba.druid.pool.DruidDataSource - {dataSource-1,master} inited
2022-05-28 17:06:33 [main] INFO  c.b.d.d.DynamicRoutingDataSource - dynamic-datasource - add a datasource named [slave] success
2022-05-28 17:06:33 [main] INFO  c.b.d.d.DynamicRoutingDataSource - dynamic-datasource - add a datasource named [master] success
2022-05-28 17:06:33 [main] INFO  c.b.d.d.DynamicRoutingDataSource - dynamic-datasource initial loaded [2] datasource,primary datasource named [master]
2022-05-28 17:06:34 [main] INFO  o.f.s.b.e.EventRegistryAutoConfiguration - No deployment resources were found for autodeployment
2022-05-28 17:06:34 [main] INFO  c.f.framework.config.JacksonConfig - 初始化 jackson 配置
2022-05-28 17:06:34 [main] INFO  o.f.s.b.ProcessEngineAutoConfiguration - No deployment resources were found for autodeployment
2022-05-28 17:06:35 [main] INFO  o.f.s.SpringProcessEngineConfiguration - Found 1 Engine Configurators in total:
2022-05-28 17:06:35 [main] INFO  o.f.s.SpringProcessEngineConfiguration - class org.flowable.eventregistry.spring.configurator.SpringEventRegistryConfigurator (priority:100000)
2022-05-28 17:06:35 [main] INFO  o.f.s.SpringProcessEngineConfiguration - Executing beforeInit() of class org.flowable.eventregistry.spring.configurator.SpringEventRegistryConfigurator (priority:100000)
2022-05-28 17:06:36 [main] INFO  o.f.s.SpringProcessEngineConfiguration - Executing configure() of class org.flowable.eventregistry.spring.configurator.SpringEventRegistryConfigurator (priority:100000)
2022-05-28 17:06:36 [main] INFO  liquibase.lockservice - Successfully acquired change log lock
2022-05-28 17:06:36 [main] INFO  liquibase.changelog - Reading from oloas_fzs.FLW_EV_DATABASECHANGELOG
2022-05-28 17:06:37 [main] INFO  liquibase.lockservice - Successfully released change log lock
2022-05-28 17:06:37 [main] INFO  o.f.e.impl.EventRegistryEngineImpl - EventRegistryEngine default created
2022-05-28 17:06:37 [main] INFO  o.f.engine.impl.ProcessEngineImpl - ProcessEngine default created
2022-05-28 17:06:37 [main] INFO  o.f.e.impl.cmd.ValidateV5EntitiesCmd - Total of v5 deployments found: 0
2022-05-28 17:06:39 [main] INFO  io.undertow - starting server: Undertow - 2.2.17.Final
2022-05-28 17:06:39 [main] INFO  org.xnio - XNIO version 3.8.6.Final
2022-05-28 17:06:39 [main] INFO  org.xnio.nio - XNIO NIO Implementation Version 3.8.6.Final
2022-05-28 17:06:39 [main] INFO  org.jboss.threads - JBoss Threads version 3.1.0.Final
2022-05-28 17:06:39 [main] INFO  com.fzshuai.OloasApplication - Started OloasApplication in 11.185 seconds (JVM running for 12.025)
2022-05-28 17:06:40 [main] INFO  c.f.s.s.impl.SysOssConfigServiceImpl - 发布刷新OSS配置 => minio
2022-05-28 17:06:40 [main] INFO  c.f.s.s.impl.SysOssConfigServiceImpl - 发布刷新OSS配置 => qiniu
2022-05-28 17:06:40 [main] INFO  c.f.s.s.impl.SysOssConfigServiceImpl - 发布刷新OSS配置 => aliyun
2022-05-28 17:06:40 [main] INFO  c.f.s.s.impl.SysOssConfigServiceImpl - 发布刷新OSS配置 => qcloud
2022-05-28 17:06:40 [main] INFO  com.fzshuai.oss.factory.OssFactory - 初始化OSS工厂
2022-05-28 17:06:40 [main] INFO  c.f.s.runner.SystemApplicationRunner - 初始化OSS配置成功
2022-05-28 17:06:40 [main] INFO  c.f.s.runner.SystemApplicationRunner - 加载参数缓存数据成功
2022-05-28 17:06:40 [main] INFO  c.f.s.runner.SystemApplicationRunner - 加载字典缓存数据成功
2022-05-28 17:06:40 [RMI TCP Connection(1)-172.36.137.164] INFO  io.undertow.servlet - Initializing Spring DispatcherServlet 'dispatcherServlet'
2022-05-28 17:17:13 [SpringApplicationShutdownHook] INFO  io.undertow - stopping server: Undertow - 2.2.17.Final
2022-05-28 17:17:13 [SpringApplicationShutdownHook] INFO  io.undertow.servlet - Destroying Spring FrameworkServlet 'dispatcherServlet'
2022-05-28 17:17:13 [SpringApplicationShutdownHook] INFO  c.f.f.manager.ShutdownManager - ====关闭后台任务任务线程池====
2022-05-28 17:17:13 [SpringApplicationShutdownHook] INFO  c.b.d.d.DynamicRoutingDataSource - dynamic-datasource start closing ....
2022-05-28 17:17:13 [SpringApplicationShutdownHook] INFO  c.alibaba.druid.pool.DruidDataSource - {dataSource-0} closing ...
2022-05-28 17:17:13 [SpringApplicationShutdownHook] INFO  c.alibaba.druid.pool.DruidDataSource - {dataSource-1} closing ...
2022-05-28 17:17:13 [SpringApplicationShutdownHook] INFO  c.alibaba.druid.pool.DruidDataSource - {dataSource-1} closed
2022-05-28 17:17:13 [SpringApplicationShutdownHook] INFO  c.b.d.d.DynamicRoutingDataSource - dynamic-datasource all closed success,bye
2022-05-28 19:53:24 [main] INFO  com.fzshuai.OloasApplication - Starting OloasApplication using Java 1.8.0_311 on FZSHUAI with PID 18840 (F:\Idea Project\oloas-back\oloas-admin\target\classes started by fzshuai in F:\Idea Project\oloas-back)
2022-05-28 19:53:24 [background-preinit] INFO  o.h.validator.internal.util.Version - HV000001: Hibernate Validator 6.2.3.Final
2022-05-28 19:53:24 [main] INFO  com.fzshuai.OloasApplication - The following 1 profile is active: "dev"
2022-05-28 19:53:27 [main] INFO  org.redisson.Version - Redisson 3.16.8
2022-05-28 19:53:49 [main] INFO  com.fzshuai.OloasApplication - Starting OloasApplication using Java 1.8.0_311 on FZSHUAI with PID 26396 (F:\Idea Project\oloas-back\oloas-admin\target\classes started by fzshuai in F:\Idea Project\oloas-back)
2022-05-28 19:53:49 [background-preinit] INFO  o.h.validator.internal.util.Version - HV000001: Hibernate Validator 6.2.3.Final
2022-05-28 19:53:49 [main] INFO  com.fzshuai.OloasApplication - The following 1 profile is active: "dev"
2022-05-28 19:53:51 [main] INFO  org.redisson.Version - Redisson 3.16.8
2022-05-28 19:53:51 [redisson-netty-2-3] INFO  o.r.c.pool.MasterConnectionPool - 8 connections initialized for 192.168.75.128/192.168.75.128:6379
2022-05-28 19:53:51 [redisson-netty-2-3] INFO  o.r.c.p.MasterPubSubConnectionPool - 1 connections initialized for 192.168.75.128/192.168.75.128:6379
2022-05-28 19:53:51 [main] INFO  c.f.framework.config.RedisConfig - 初始化 redis 配置
2022-05-28 19:53:52 [main] INFO  io.undertow.servlet - Initializing Spring embedded WebApplicationContext
2022-05-28 19:53:52 [main] INFO  c.b.d.d.DynamicRoutingDataSource - dynamic-datasource detect P6SPY plugin and enabled it
2022-05-28 19:53:53 [main] INFO  c.alibaba.druid.pool.DruidDataSource - {dataSource-1,master} inited
2022-05-28 19:53:53 [main] INFO  c.b.d.d.DynamicRoutingDataSource - dynamic-datasource - add a datasource named [slave] success
2022-05-28 19:53:53 [main] INFO  c.b.d.d.DynamicRoutingDataSource - dynamic-datasource - add a datasource named [master] success
2022-05-28 19:53:53 [main] INFO  c.b.d.d.DynamicRoutingDataSource - dynamic-datasource initial loaded [2] datasource,primary datasource named [master]
2022-05-28 19:53:54 [main] INFO  o.f.s.b.e.EventRegistryAutoConfiguration - No deployment resources were found for autodeployment
2022-05-28 19:53:54 [main] INFO  c.f.framework.config.JacksonConfig - 初始化 jackson 配置
2022-05-28 19:53:55 [main] INFO  o.f.s.b.ProcessEngineAutoConfiguration - No deployment resources were found for autodeployment
2022-05-28 19:53:55 [main] INFO  o.f.s.SpringProcessEngineConfiguration - Found 1 Engine Configurators in total:
2022-05-28 19:53:55 [main] INFO  o.f.s.SpringProcessEngineConfiguration - class org.flowable.eventregistry.spring.configurator.SpringEventRegistryConfigurator (priority:100000)
2022-05-28 19:53:55 [main] INFO  o.f.s.SpringProcessEngineConfiguration - Executing beforeInit() of class org.flowable.eventregistry.spring.configurator.SpringEventRegistryConfigurator (priority:100000)
2022-05-28 19:53:56 [main] INFO  o.f.s.SpringProcessEngineConfiguration - Executing configure() of class org.flowable.eventregistry.spring.configurator.SpringEventRegistryConfigurator (priority:100000)
2022-05-28 19:53:56 [main] INFO  liquibase.lockservice - Successfully acquired change log lock
2022-05-28 19:53:57 [main] INFO  liquibase.changelog - Reading from oloas_fzs.FLW_EV_DATABASECHANGELOG
2022-05-28 19:53:57 [main] INFO  liquibase.lockservice - Successfully released change log lock
2022-05-28 19:53:57 [main] INFO  o.f.e.impl.EventRegistryEngineImpl - EventRegistryEngine default created
2022-05-28 19:53:57 [main] INFO  o.f.engine.impl.ProcessEngineImpl - ProcessEngine default created
2022-05-28 19:53:57 [main] INFO  o.f.e.impl.cmd.ValidateV5EntitiesCmd - Total of v5 deployments found: 0
2022-05-28 19:53:58 [main] INFO  io.undertow - starting server: Undertow - 2.2.17.Final
2022-05-28 19:53:58 [main] INFO  org.xnio - XNIO version 3.8.6.Final
2022-05-28 19:53:58 [main] INFO  org.xnio.nio - XNIO NIO Implementation Version 3.8.6.Final
2022-05-28 19:53:58 [main] INFO  org.jboss.threads - JBoss Threads version 3.1.0.Final
2022-05-28 19:53:59 [main] INFO  com.fzshuai.OloasApplication - Started OloasApplication in 10.693 seconds (JVM running for 11.502)
2022-05-28 19:53:59 [main] INFO  c.f.s.s.impl.SysOssConfigServiceImpl - 发布刷新OSS配置 => minio
2022-05-28 19:53:59 [main] INFO  c.f.s.s.impl.SysOssConfigServiceImpl - 发布刷新OSS配置 => qiniu
2022-05-28 19:53:59 [main] INFO  c.f.s.s.impl.SysOssConfigServiceImpl - 发布刷新OSS配置 => aliyun
2022-05-28 19:53:59 [main] INFO  c.f.s.s.impl.SysOssConfigServiceImpl - 发布刷新OSS配置 => qcloud
2022-05-28 19:53:59 [main] INFO  com.fzshuai.oss.factory.OssFactory - 初始化OSS工厂
2022-05-28 19:53:59 [main] INFO  c.f.s.runner.SystemApplicationRunner - 初始化OSS配置成功
2022-05-28 19:54:00 [main] INFO  c.f.s.runner.SystemApplicationRunner - 加载参数缓存数据成功
2022-05-28 19:54:00 [main] INFO  c.f.s.runner.SystemApplicationRunner - 加载字典缓存数据成功
2022-05-28 19:54:00 [RMI TCP Connection(3)-172.36.137.164] INFO  io.undertow.servlet - Initializing Spring DispatcherServlet 'dispatcherServlet'
2022-05-28 19:54:13 [XNIO-1 task-1] INFO  c.f.f.listener.UserActionListener - <0><1530517797724839936> user doLogout, userId:sys_user:2, token:eyJ0eXAiOiJKV1QiLCJhbGciOiJIUzI1NiJ9.eyJsb2dpbklkIjoic3lzX3VzZXI6MiIsInJuIjoicFlxaTNlZVhOYXQyTGFIRHVnNDNDY1dxNXQxRW9ISGgifQ.GxhwRBa73SJOu8HOr4Fk749hovXtRs1rQopZ4EI1MsA
2022-05-28 19:58:54 [XNIO-1 task-1] INFO  c.f.f.listener.UserActionListener - <0><1530518975300853760> user doLogin, userId:sys_user:2, token:eyJ0eXAiOiJKV1QiLCJhbGciOiJIUzI1NiJ9.eyJsb2dpbklkIjoic3lzX3VzZXI6MiIsInJuIjoicDFoa2RlNVV0NEFQVE9BVENkRmJBMmpsS1gwZFJEbFIifQ.FoDdjtrVvVNC5W2_blyX-qR5NAjh9xrSuBPTdVbSiVg
2022-05-28 19:58:54 [schedule-pool-1] INFO  c.f.s.s.i.SysLogininforServiceImpl - <0><1530518975300853760> [127.0.0.1]内网IP[fzs][Success][登录成功]
2022-05-28 20:01:49 [XNIO-1 task-4] INFO  c.f.f.listener.UserActionListener - <0><1530519710633648128> user doLogout, userId:sys_user:2, token:eyJ0eXAiOiJKV1QiLCJhbGciOiJIUzI1NiJ9.eyJsb2dpbklkIjoic3lzX3VzZXI6MiIsInJuIjoicDFoa2RlNVV0NEFQVE9BVENkRmJBMmpsS1gwZFJEbFIifQ.FoDdjtrVvVNC5W2_blyX-qR5NAjh9xrSuBPTdVbSiVg
2022-05-28 20:01:56 [XNIO-1 task-4] INFO  c.f.f.listener.UserActionListener - <0><1530519740299960320> user doLogin, userId:sys_user:2, token:eyJ0eXAiOiJKV1QiLCJhbGciOiJIUzI1NiJ9.eyJsb2dpbklkIjoic3lzX3VzZXI6MiIsInJuIjoiRU54am5lMFA1Z1Y1OUdlSkYyMHlZb2Q1bnlFdXdENDIifQ.GZ51yay-gBnkzkGlco4nBUzJKbp3rrw8XsvLXNjrcjI
2022-05-28 20:01:56 [schedule-pool-1] INFO  c.f.s.s.i.SysLogininforServiceImpl - <0><1530518975300853760> [127.0.0.1]内网IP[fzs][Success][登录成功]
2022-05-28 20:02:00 [XNIO-1 task-5] INFO  c.f.f.listener.UserActionListener - <0><1530519758406770688> user doLogout, userId:sys_user:2, token:eyJ0eXAiOiJKV1QiLCJhbGciOiJIUzI1NiJ9.eyJsb2dpbklkIjoic3lzX3VzZXI6MiIsInJuIjoiRU54am5lMFA1Z1Y1OUdlSkYyMHlZb2Q1bnlFdXdENDIifQ.GZ51yay-gBnkzkGlco4nBUzJKbp3rrw8XsvLXNjrcjI
2022-05-28 20:02:07 [XNIO-1 task-5] INFO  c.f.f.listener.UserActionListener - <0><1530519785833324544> user doLogin, userId:sys_user:1, token:eyJ0eXAiOiJKV1QiLCJhbGciOiJIUzI1NiJ9.eyJsb2dpbklkIjoic3lzX3VzZXI6MSIsInJuIjoiVnNmVElzOU02UDRXWm1EZUxFSGNOMmJ5eWx4ZzJYZnEifQ.CVIOBrfXIgp8FA6waW8cBsfKtEpvrHoDJ3ln6qnx89k
2022-05-28 20:02:07 [schedule-pool-2] INFO  c.f.s.s.i.SysLogininforServiceImpl - <0><1530519740299960320> [127.0.0.1]内网IP[admin][Success][登录成功]
2022-05-28 22:08:09 [SpringApplicationShutdownHook] INFO  io.undertow - stopping server: Undertow - 2.2.17.Final
2022-05-28 22:08:09 [SpringApplicationShutdownHook] INFO  io.undertow.servlet - Destroying Spring FrameworkServlet 'dispatcherServlet'
2022-05-28 22:08:09 [SpringApplicationShutdownHook] INFO  c.f.f.manager.ShutdownManager - ====关闭后台任务任务线程池====
2022-05-28 22:08:09 [SpringApplicationShutdownHook] INFO  c.b.d.d.DynamicRoutingDataSource - dynamic-datasource start closing ....
2022-05-28 22:08:09 [SpringApplicationShutdownHook] INFO  c.alibaba.druid.pool.DruidDataSource - {dataSource-0} closing ...
2022-05-28 22:08:09 [SpringApplicationShutdownHook] INFO  c.alibaba.druid.pool.DruidDataSource - {dataSource-1} closing ...
2022-05-28 22:08:09 [SpringApplicationShutdownHook] INFO  c.alibaba.druid.pool.DruidDataSource - {dataSource-1} closed
2022-05-28 22:08:09 [SpringApplicationShutdownHook] INFO  c.b.d.d.DynamicRoutingDataSource - dynamic-datasource all closed success,bye
2022-05-28 22:08:19 [main] INFO  com.fzshuai.OloasApplication - Starting OloasApplication using Java 1.8.0_311 on FZSHUAI with PID 9508 (F:\Idea Project\oloas-back\oloas-admin\target\classes started by fzshuai in F:\Idea Project\oloas-back)
2022-05-28 22:08:19 [background-preinit] INFO  o.h.validator.internal.util.Version - HV000001: Hibernate Validator 6.2.3.Final
2022-05-28 22:08:19 [main] INFO  com.fzshuai.OloasApplication - The following 1 profile is active: "dev"
2022-05-28 22:08:21 [main] INFO  org.redisson.Version - Redisson 3.16.8
2022-05-28 22:08:21 [redisson-netty-2-5] INFO  o.r.c.pool.MasterConnectionPool - 8 connections initialized for 192.168.75.128/192.168.75.128:6379
2022-05-28 22:08:21 [redisson-netty-2-3] INFO  o.r.c.p.MasterPubSubConnectionPool - 1 connections initialized for 192.168.75.128/192.168.75.128:6379
2022-05-28 22:08:21 [main] INFO  c.f.framework.config.RedisConfig - 初始化 redis 配置
2022-05-28 22:08:22 [main] INFO  io.undertow.servlet - Initializing Spring embedded WebApplicationContext
2022-05-28 22:08:22 [main] INFO  c.b.d.d.DynamicRoutingDataSource - dynamic-datasource detect P6SPY plugin and enabled it
2022-05-28 22:08:23 [main] INFO  c.alibaba.druid.pool.DruidDataSource - {dataSource-1,master} inited
2022-05-28 22:08:23 [main] INFO  c.b.d.d.DynamicRoutingDataSource - dynamic-datasource - add a datasource named [slave] success
2022-05-28 22:08:23 [main] INFO  c.b.d.d.DynamicRoutingDataSource - dynamic-datasource - add a datasource named [master] success
2022-05-28 22:08:23 [main] INFO  c.b.d.d.DynamicRoutingDataSource - dynamic-datasource initial loaded [2] datasource,primary datasource named [master]
2022-05-28 22:08:24 [main] INFO  o.f.s.b.e.EventRegistryAutoConfiguration - No deployment resources were found for autodeployment
2022-05-28 22:08:24 [main] INFO  c.f.framework.config.JacksonConfig - 初始化 jackson 配置
2022-05-28 22:08:24 [main] INFO  o.f.s.b.ProcessEngineAutoConfiguration - No deployment resources were found for autodeployment
2022-05-28 22:08:25 [main] INFO  o.f.s.SpringProcessEngineConfiguration - Found 1 Engine Configurators in total:
2022-05-28 22:08:25 [main] INFO  o.f.s.SpringProcessEngineConfiguration - class org.flowable.eventregistry.spring.configurator.SpringEventRegistryConfigurator (priority:100000)
2022-05-28 22:08:25 [main] INFO  o.f.s.SpringProcessEngineConfiguration - Executing beforeInit() of class org.flowable.eventregistry.spring.configurator.SpringEventRegistryConfigurator (priority:100000)
2022-05-28 22:08:26 [main] INFO  o.f.s.SpringProcessEngineConfiguration - Executing configure() of class org.flowable.eventregistry.spring.configurator.SpringEventRegistryConfigurator (priority:100000)
2022-05-28 22:08:26 [main] INFO  liquibase.lockservice - Successfully acquired change log lock
2022-05-28 22:08:26 [main] INFO  liquibase.changelog - Reading from oloas_fzs.FLW_EV_DATABASECHANGELOG
2022-05-28 22:08:26 [main] INFO  liquibase.lockservice - Successfully released change log lock
2022-05-28 22:08:26 [main] INFO  o.f.e.impl.EventRegistryEngineImpl - EventRegistryEngine default created
2022-05-28 22:08:26 [main] INFO  o.f.engine.impl.ProcessEngineImpl - ProcessEngine default created
2022-05-28 22:08:26 [main] INFO  o.f.e.impl.cmd.ValidateV5EntitiesCmd - Total of v5 deployments found: 0
2022-05-28 22:08:27 [main] INFO  c.b.d.d.DynamicRoutingDataSource - dynamic-datasource start closing ....
2022-05-28 22:08:27 [main] INFO  c.alibaba.druid.pool.DruidDataSource - {dataSource-0} closing ...
2022-05-28 22:08:27 [main] INFO  c.alibaba.druid.pool.DruidDataSource - {dataSource-1} closing ...
2022-05-28 22:08:27 [main] INFO  c.alibaba.druid.pool.DruidDataSource - {dataSource-1} closed
2022-05-28 22:08:27 [main] INFO  c.b.d.d.DynamicRoutingDataSource - dynamic-datasource all closed success,bye
2022-05-28 22:09:11 [main] INFO  com.fzshuai.OloasApplication - Starting OloasApplication using Java 1.8.0_311 on FZSHUAI with PID 20708 (F:\Idea Project\oloas-back\oloas-admin\target\classes started by fzshuai in F:\Idea Project\oloas-back)
2022-05-28 22:09:11 [background-preinit] INFO  o.h.validator.internal.util.Version - HV000001: Hibernate Validator 6.2.3.Final
2022-05-28 22:09:11 [main] INFO  com.fzshuai.OloasApplication - The following 1 profile is active: "dev"
2022-05-28 22:09:13 [main] INFO  org.redisson.Version - Redisson 3.16.8
2022-05-28 22:09:14 [redisson-netty-2-3] INFO  o.r.c.pool.MasterConnectionPool - 8 connections initialized for 192.168.75.128/192.168.75.128:6379
2022-05-28 22:09:14 [redisson-netty-2-3] INFO  o.r.c.p.MasterPubSubConnectionPool - 1 connections initialized for 192.168.75.128/192.168.75.128:6379
2022-05-28 22:09:14 [main] INFO  c.f.framework.config.RedisConfig - 初始化 redis 配置
2022-05-28 22:09:14 [main] INFO  io.undertow.servlet - Initializing Spring embedded WebApplicationContext
2022-05-28 22:09:14 [main] INFO  c.b.d.d.DynamicRoutingDataSource - dynamic-datasource detect P6SPY plugin and enabled it
2022-05-28 22:09:15 [main] INFO  c.alibaba.druid.pool.DruidDataSource - {dataSource-1,master} inited
2022-05-28 22:09:15 [main] INFO  c.b.d.d.DynamicRoutingDataSource - dynamic-datasource - add a datasource named [slave] success
2022-05-28 22:09:15 [main] INFO  c.b.d.d.DynamicRoutingDataSource - dynamic-datasource - add a datasource named [master] success
2022-05-28 22:09:15 [main] INFO  c.b.d.d.DynamicRoutingDataSource - dynamic-datasource initial loaded [2] datasource,primary datasource named [master]
2022-05-28 22:09:16 [main] INFO  o.f.s.b.e.EventRegistryAutoConfiguration - No deployment resources were found for autodeployment
2022-05-28 22:09:16 [main] INFO  c.f.framework.config.JacksonConfig - 初始化 jackson 配置
2022-05-28 22:09:17 [main] INFO  o.f.s.b.ProcessEngineAutoConfiguration - No deployment resources were found for autodeployment
2022-05-28 22:09:17 [main] INFO  o.f.s.SpringProcessEngineConfiguration - Found 1 Engine Configurators in total:
2022-05-28 22:09:17 [main] INFO  o.f.s.SpringProcessEngineConfiguration - class org.flowable.eventregistry.spring.configurator.SpringEventRegistryConfigurator (priority:100000)
2022-05-28 22:09:17 [main] INFO  o.f.s.SpringProcessEngineConfiguration - Executing beforeInit() of class org.flowable.eventregistry.spring.configurator.SpringEventRegistryConfigurator (priority:100000)
2022-05-28 22:09:18 [main] INFO  o.f.s.SpringProcessEngineConfiguration - Executing configure() of class org.flowable.eventregistry.spring.configurator.SpringEventRegistryConfigurator (priority:100000)
2022-05-28 22:09:18 [main] INFO  liquibase.lockservice - Successfully acquired change log lock
2022-05-28 22:09:18 [main] INFO  liquibase.changelog - Reading from oloas_fzs.FLW_EV_DATABASECHANGELOG
2022-05-28 22:09:18 [main] INFO  liquibase.lockservice - Successfully released change log lock
2022-05-28 22:09:18 [main] INFO  o.f.e.impl.EventRegistryEngineImpl - EventRegistryEngine default created
2022-05-28 22:09:18 [main] INFO  o.f.engine.impl.ProcessEngineImpl - ProcessEngine default created
2022-05-28 22:09:19 [main] INFO  o.f.e.impl.cmd.ValidateV5EntitiesCmd - Total of v5 deployments found: 0
2022-05-28 22:09:20 [main] INFO  io.undertow - starting server: Undertow - 2.2.17.Final
2022-05-28 22:09:20 [main] INFO  org.xnio - XNIO version 3.8.6.Final
2022-05-28 22:09:20 [main] INFO  org.xnio.nio - XNIO NIO Implementation Version 3.8.6.Final
2022-05-28 22:09:20 [main] INFO  org.jboss.threads - JBoss Threads version 3.1.0.Final
2022-05-28 22:09:21 [main] INFO  com.fzshuai.OloasApplication - Started OloasApplication in 10.19 seconds (JVM running for 10.982)
2022-05-28 22:09:21 [main] INFO  c.f.s.s.impl.SysOssConfigServiceImpl - 发布刷新OSS配置 => minio
2022-05-28 22:09:21 [main] INFO  c.f.s.s.impl.SysOssConfigServiceImpl - 发布刷新OSS配置 => qiniu
2022-05-28 22:09:21 [main] INFO  c.f.s.s.impl.SysOssConfigServiceImpl - 发布刷新OSS配置 => aliyun
2022-05-28 22:09:21 [main] INFO  c.f.s.s.impl.SysOssConfigServiceImpl - 发布刷新OSS配置 => qcloud
2022-05-28 22:09:21 [main] INFO  com.fzshuai.oss.factory.OssFactory - 初始化OSS工厂
2022-05-28 22:09:21 [main] INFO  c.f.s.runner.SystemApplicationRunner - 初始化OSS配置成功
2022-05-28 22:09:21 [main] INFO  c.f.s.runner.SystemApplicationRunner - 加载参数缓存数据成功
2022-05-28 22:09:21 [main] INFO  c.f.s.runner.SystemApplicationRunner - 加载字典缓存数据成功
2022-05-28 22:09:22 [RMI TCP Connection(1)-172.36.137.164] INFO  io.undertow.servlet - Initializing Spring DispatcherServlet 'dispatcherServlet'
2022-05-28 22:33:22 [SpringApplicationShutdownHook] INFO  io.undertow - stopping server: Undertow - 2.2.17.Final
2022-05-28 22:33:22 [SpringApplicationShutdownHook] INFO  io.undertow.servlet - Destroying Spring FrameworkServlet 'dispatcherServlet'
2022-05-28 22:33:22 [SpringApplicationShutdownHook] INFO  c.f.f.manager.ShutdownManager - ====关闭后台任务任务线程池====
2022-05-28 22:33:22 [SpringApplicationShutdownHook] INFO  c.b.d.d.DynamicRoutingDataSource - dynamic-datasource start closing ....
2022-05-28 22:33:22 [SpringApplicationShutdownHook] INFO  c.alibaba.druid.pool.DruidDataSource - {dataSource-0} closing ...
2022-05-28 22:33:22 [SpringApplicationShutdownHook] INFO  c.alibaba.druid.pool.DruidDataSource - {dataSource-1} closing ...
2022-05-28 22:33:22 [SpringApplicationShutdownHook] INFO  c.alibaba.druid.pool.DruidDataSource - {dataSource-1} closed
2022-05-28 22:33:22 [SpringApplicationShutdownHook] INFO  c.b.d.d.DynamicRoutingDataSource - dynamic-datasource all closed success,bye
2022-05-28 22:33:25 [main] INFO  com.fzshuai.OloasApplication - Starting OloasApplication using Java 1.8.0_311 on FZSHUAI with PID 27052 (F:\Idea Project\oloas-back\oloas-admin\target\classes started by fzshuai in F:\Idea Project\oloas-back)
2022-05-28 22:33:25 [background-preinit] INFO  o.h.validator.internal.util.Version - HV000001: Hibernate Validator 6.2.3.Final
2022-05-28 22:33:25 [main] INFO  com.fzshuai.OloasApplication - The following 1 profile is active: "dev"
2022-05-28 22:33:27 [main] INFO  org.redisson.Version - Redisson 3.16.8
2022-05-28 22:33:28 [redisson-netty-2-5] INFO  o.r.c.pool.MasterConnectionPool - 8 connections initialized for 192.168.75.128/192.168.75.128:6379
2022-05-28 22:33:28 [redisson-netty-2-3] INFO  o.r.c.p.MasterPubSubConnectionPool - 1 connections initialized for 192.168.75.128/192.168.75.128:6379
2022-05-28 22:33:28 [main] INFO  c.f.framework.config.RedisConfig - 初始化 redis 配置
2022-05-28 22:33:28 [main] INFO  io.undertow.servlet - Initializing Spring embedded WebApplicationContext
2022-05-28 22:33:28 [main] INFO  c.b.d.d.DynamicRoutingDataSource - dynamic-datasource detect P6SPY plugin and enabled it
2022-05-28 22:33:29 [main] INFO  c.alibaba.druid.pool.DruidDataSource - {dataSource-1,master} inited
2022-05-28 22:33:29 [main] INFO  c.b.d.d.DynamicRoutingDataSource - dynamic-datasource - add a datasource named [slave] success
2022-05-28 22:33:29 [main] INFO  c.b.d.d.DynamicRoutingDataSource - dynamic-datasource - add a datasource named [master] success
2022-05-28 22:33:29 [main] INFO  c.b.d.d.DynamicRoutingDataSource - dynamic-datasource initial loaded [2] datasource,primary datasource named [master]
2022-05-28 22:33:31 [main] INFO  o.f.s.b.e.EventRegistryAutoConfiguration - No deployment resources were found for autodeployment
2022-05-28 22:33:31 [main] INFO  c.f.framework.config.JacksonConfig - 初始化 jackson 配置
2022-05-28 22:33:31 [main] INFO  o.f.s.b.ProcessEngineAutoConfiguration - No deployment resources were found for autodeployment
2022-05-28 22:33:31 [main] INFO  o.f.s.SpringProcessEngineConfiguration - Found 1 Engine Configurators in total:
2022-05-28 22:33:31 [main] INFO  o.f.s.SpringProcessEngineConfiguration - class org.flowable.eventregistry.spring.configurator.SpringEventRegistryConfigurator (priority:100000)
2022-05-28 22:33:31 [main] INFO  o.f.s.SpringProcessEngineConfiguration - Executing beforeInit() of class org.flowable.eventregistry.spring.configurator.SpringEventRegistryConfigurator (priority:100000)
2022-05-28 22:33:32 [main] INFO  o.f.s.SpringProcessEngineConfiguration - Executing configure() of class org.flowable.eventregistry.spring.configurator.SpringEventRegistryConfigurator (priority:100000)
2022-05-28 22:33:32 [main] INFO  liquibase.lockservice - Successfully acquired change log lock
2022-05-28 22:33:33 [main] INFO  liquibase.changelog - Reading from oloas_fzs.FLW_EV_DATABASECHANGELOG
2022-05-28 22:33:33 [main] INFO  liquibase.lockservice - Successfully released change log lock
2022-05-28 22:33:33 [main] INFO  o.f.e.impl.EventRegistryEngineImpl - EventRegistryEngine default created
2022-05-28 22:33:33 [main] INFO  o.f.engine.impl.ProcessEngineImpl - ProcessEngine default created
2022-05-28 22:33:33 [main] INFO  o.f.e.impl.cmd.ValidateV5EntitiesCmd - Total of v5 deployments found: 0
2022-05-28 22:33:35 [main] INFO  io.undertow - starting server: Undertow - 2.2.17.Final
2022-05-28 22:33:35 [main] INFO  org.xnio - XNIO version 3.8.6.Final
2022-05-28 22:33:35 [main] INFO  org.xnio.nio - XNIO NIO Implementation Version 3.8.6.Final
2022-05-28 22:33:35 [main] INFO  org.jboss.threads - JBoss Threads version 3.1.0.Final
2022-05-28 22:33:36 [main] INFO  com.fzshuai.OloasApplication - Started OloasApplication in 10.966 seconds (JVM running for 11.724)
2022-05-28 22:33:36 [main] INFO  c.f.s.s.impl.SysOssConfigServiceImpl - 发布刷新OSS配置 => minio
2022-05-28 22:33:36 [main] INFO  c.f.s.s.impl.SysOssConfigServiceImpl - 发布刷新OSS配置 => qiniu
2022-05-28 22:33:36 [main] INFO  c.f.s.s.impl.SysOssConfigServiceImpl - 发布刷新OSS配置 => aliyun
2022-05-28 22:33:36 [main] INFO  c.f.s.s.impl.SysOssConfigServiceImpl - 发布刷新OSS配置 => qcloud
2022-05-28 22:33:36 [main] INFO  com.fzshuai.oss.factory.OssFactory - 初始化OSS工厂
2022-05-28 22:33:36 [main] INFO  c.f.s.runner.SystemApplicationRunner - 初始化OSS配置成功
2022-05-28 22:33:36 [main] INFO  c.f.s.runner.SystemApplicationRunner - 加载参数缓存数据成功
2022-05-28 22:33:36 [main] INFO  c.f.s.runner.SystemApplicationRunner - 加载字典缓存数据成功
2022-05-28 22:33:37 [RMI TCP Connection(4)-172.36.137.164] INFO  io.undertow.servlet - Initializing Spring DispatcherServlet 'dispatcherServlet'
